#
# There is insufficient memory for the Java Runtime Environment to continue.
# Native memory allocation (malloc) failed to allocate 368256 bytes for Chunk::new
# Possible reasons:
#   The system is out of physical RAM or swap space
#   The process is running with CompressedOops enabled, and the Java Heap may be blocking the growth of the native heap
# Possible solutions:
#   Reduce memory load on the system
#   Increase physical memory or swap space
#   Check if swap backing store is full
#   Decrease Java heap size (-Xmx/-Xms)
#   Decrease number of Java threads
#   Decrease Java thread stack sizes (-Xss)
#   Set larger code cache with -XX:ReservedCodeCacheSize=
#   JVM is running with Unscaled Compressed Oops mode in which the Java heap is
#     placed in the first 4GB address space. The Java Heap base address is the
#     maximum limit for the native heap growth. Please use -XX:HeapBaseMinAddress
#     to set the Java Heap base and to place the Java Heap above 4GB virtual address.
# This output file may be truncated or incomplete.
#
#  Out of Memory Error (arena.cpp:189), pid=71124, tid=71924
#
# JRE version: OpenJDK Runtime Environment Temurin-17.0.7+7 (17.0.7+7) (build 17.0.7+7)
# Java VM: OpenJDK 64-Bit Server VM Temurin-17.0.7+7 (17.0.7+7, mixed mode, tiered, compressed oops, compressed class ptrs, g1 gc, windows-amd64)
# No core dump will be written. Minidumps are not enabled by default on client versions of Windows
#

---------------  S U M M A R Y ------------

Command Line: -Dgroovy.home=C:\Users\merie/.groovy -Djava.system.class.loader=groovy.lang.GroovyClassLoader -Xmx2048m -Dfile.encoding=UTF-8 -XX:+ShowCodeDetailsInExceptionMessages org.codehaus.groovy.tools.GroovyStarter --classpath C:\Users\merie\Katalon Studio\WeatherShopperKatalon\bin\keyword;C:\Users\merie\Katalon Studio\WeatherShopperKatalon\Keywords;C:\Users\merie\Katalon Studio\WeatherShopperKatalon\bin\listener;C:\Users\merie\Katalon Studio\WeatherShopperKatalon\Test Listeners;C:\Users\merie\Katalon Studio\WeatherShopperKatalon\bin\lib;C:\Users\merie\Katalon Studio\WeatherShopperKatalon\Libs;C:\Users\merie\Katalon Studio\WeatherShopperKatalon\bin\groovy;C:\Users\merie\Katalon Studio\WeatherShopperKatalon\Include\scripts\groovy;C:\Users\merie\.katalon\packages\Katalon_Studio_Windows_64-9.0.0.beta\Katalon_Studio_Windows_64-9.0.0.beta\plugins\com.kms.katalon.core_1.0.0.202309130356.jar;C:\Users\merie\.katalon\packages\Katalon_Studio_Windows_64-9.0.0.beta\Katalon_Studio_Windows_64-9.0.0.beta\configuration\resources\lib\aalto-xml-1.0.0.jar;C:\Users\merie\.katalon\packages\Katalon_Studio_Windows_64-9.0.0.beta\Katalon_Studio_Windows_64-9.0.0.beta\configuration\resources\lib\aspectjweaver-1.9.1.jar;C:\Users\merie\.katalon\packages\Katalon_Studio_Windows_64-9.0.0.beta\Katalon_Studio_Windows_64-9.0.0.beta\configuration\resources\lib\bcpkix-jdk15on-1.64.jar;C:\Users\merie\.katalon\packages\Katalon_Studio_Windows_64-9.0.0.beta\Katalon_Studio_Windows_64-9.0.0.beta\configuration\resources\lib\bcprov-jdk15on-1.64.jar;C:\Users\merie\.katalon\packages\Katalon_Studio_Windows_64-9.0.0.beta\Katalon_Studio_Windows_64-9.0.0.beta\configuration\resources\lib\browsermob-core-2.1.5.jar;C:\Users\merie\.katalon\packages\Katalon_Studio_Windows_64-9.0.0.beta\Katalon_Studio_Windows_64-9.0.0.beta\configuration\resources\lib\cglib-3.2.10.jar;C:\Users\merie\.katalon\packages\Katalon_Studio_Windows_64-9.0.0.beta\Katalon_Studio_Windows_64-9.0.0.beta\configuration\resources\lib\commons-codec-1.10.jar;C:\Users\merie\.katalon\packages\Katalon_Studio_Windows_64-9.0.0.beta\Katalon_Studio_Windows_64-9.0.0.beta\configuration\resources\lib\commons-collections4-4.1.jar;C:\Users\merie\.katalon\packages\Katalon_Studio_Windows_64-9.0.0.beta\Katalon_Studio_Windows_64-9.0.0.beta\configuration\resources\lib\commons-validator-1.6.jar;C:\Users\merie\.katalon\packages\Katalon_Studio_Windows_64-9.0.0.beta\Katalon_Studio_Windows_64-9.0.0.beta\configuration\resources\lib\curvesapi-1.04.jar;C:\Users\merie\.katalon\packages\Katalon_Studio_Windows_64-9.0.0.beta\Katalon_Studio_Windows_64-9.0.0.beta\configuration\resources\lib\dnsjava-2.1.8.jar;C:\Users\merie\.katalon\packages\Katalon_Studio_Windows_64-9.0.0.beta\Katalon_Studio_Windows_64-9.0.0.beta\configuration\resources\lib\groovy-dateutil-3.0.17.jar;C:\Users\merie\.katalon\packages\Katalon_Studio_Windows_64-9.0.0.beta\Katalon_Studio_Windows_64-9.0.0.beta\configuration\resources\lib\groovy-json-3.0.17.jar;C:\Users\merie\.katalon\packages\Katalon_Studio_Windows_64-9.0.0.beta\Katalon_Studio_Windows_64-9.0.0.beta\configuration\resources\lib\groovy-templates-3.0.17.jar;C:\Users\merie\.katalon\packages\Katalon_Studio_Windows_64-9.0.0.beta\Katalon_Studio_Windows_64-9.0.0.beta\configuration\resources\lib\groovy-xml-3.0.17.jar;C:\Users\merie\.katalon\packages\Katalon_Studio_Windows_64-9.0.0.beta\Katalon_Studio_Windows_64-9.0.0.beta\configuration\resources\lib\java-client-7.0.0.jar;C:\Users\merie\.katalon\packages\Katalon_Studio_Windows_64-9.0.0.beta\Katalon_Studio_Windows_64-9.0.0.beta\configuration\resources\lib\javax.servlet-api_3.1.0.jar;C:\Users\merie\.katalon\packages\Katalon_Studio_Windows_64-9.0.0.beta\Katalon_Studio_Windows_64-9.0.0.beta\configuration\resources\lib\jna-5.12.1.jar;C:\Users\merie\.katalon\packages\Katalon_Studio_Windows_64-9.0.0.beta\Katalon_Studio_Windows_64-9.0.0.beta\configuration\resources\lib\jna-platform-5.12.1.jar;C:\Users\merie\.katalon\packages\Katalon_Studio_Windows_64-9.0.0.beta\Katalon_Studio_Windows_64-9.0.0.beta\configuration\resources\lib\jzlib-1.1.3.jar;C:\Users\merie\.katalon\packages\Katalon_Studio_Windows_64-9.0.0.beta\Katalon_Studio_Windows_64-9.0.0.beta\configuration\resources\lib\kat-server.jar;C:\Users\merie\.katalon\packages\Katalon_Studio_Windows_64-9.0.0.beta\Katalon_Studio_Windows_64-9.0.0.beta\configuration\resources\lib\littleproxy-1.1.0-beta-bmp-17.jar;C:\Users\merie\.katalon\packages\Katalon_Studio_Windows_64-9.0.0.beta\Katalon_Studio_Windows_64-9.0.0.beta\configuration\resources\lib\log4j-1.2-api-2.17.1.jar;C:\Users\merie\.katalon\packages\Katalon_Studio_Windows_64-9.0.0.beta\Katalon_Studio_Windows_64-9.0.0.beta\configuration\resources\lib\log4j-api-2.17.1.jar;C:\Users\merie\.katalon\packages\Katalon_Studio_Windows_64-9.0.0.beta\Katalon_Studio_Windows_64-9.0.0.beta\configuration\resources\lib\log4j-core-2.17.1.jar;C:\Users\merie\.katalon\packages\Katalon_Studio_Windows_64-9.0.0.beta\Katalon_Studio_Windows_64-9.0.0.beta\configuration\resources\lib\mitm-2.1.5.jar;C:\Users\merie\.katalon\packages\Katalon_Studio_Windows_64-9.0.0.beta\Katalon_Studio_Windows_64-9.0.0.beta\configuration\resources\lib\netty-all-4.1.70.Final.jar;C:\Users\merie\.katalon\packages\Katalon_Studio_Windows_64-9.0.0.beta\Katalon_Studio_Windows_64-9.0.0.beta\configuration\resources\lib\poi-3.17.jar;C:\Users\merie\.katalon\packages\Katalon_Studio_Windows_64-9.0.0.beta\Katalon_Studio_Windows_64-9.0.0.beta\configuration\resources\lib\poi-ooxml-3.17.jar;C:\Users\merie\.katalon\packages\Katalon_Studio_Windows_64-9.0.0.beta\Katalon_Studio_Windows_64-9.0.0.beta\configuration\resources\lib\poi-ooxml-schemas-3.17.jar;C:\Users\merie\.katalon\packages\Katalon_Studio_Windows_64-9.0.0.beta\Katalon_Studio_Windows_64-9.0.0.beta\configuration\resources\lib\proxy-vole-1.0.4-SNAPSHOT-jar-with-dependencies.jar;C:\Users\merie\.katalon\packages\Katalon_Studio_Windows_64-9.0.0.beta\Katalon_Studio_Windows_64-9.0.0.beta\configuration\resources\lib\repackaged-sikuli-api-1.0.2-standalone.jar;C:\Users\merie\.katalon\packages\Katalon_Studio_Windows_64-9.0.0.beta\Katalon_Studio_Windows_64-9.0.0.beta\configuration\resources\lib\selenium-leg-rc-3.141.59.jar;C:\Users\merie\.katalon\packages\Katalon_Studio_Windows_64-9.0.0.beta\Katalon_Studio_Windows_64-9.0.0.beta\configuration\resources\lib\selenium-server-standalone-3.141.59.jar;C:\Users\merie\.katalon\packages\Katalon_Studio_Windows_64-9.0.0.beta\Katalon_Studio_Windows_64-9.0.0.beta\configuration\resources\lib\selenium-shutterbug-1.1.jar;C:\Users\merie\.katalon\packages\Katalon_Studio_Windows_64-9.0.0.beta\Katalon_Studio_Windows_64-9.0.0.beta\configuration\resources\lib\slf4j-api-1.7.25.jar;C:\Users\merie\.katalon\packages\Katalon_Studio_Windows_64-9.0.0.beta\Katalon_Studio_Windows_64-9.0.0.beta\configuration\resources\lib\soap-builder-1.0.0.jar;C:\Users\merie\.katalon\packages\Katalon_Studio_Windows_64-9.0.0.beta\Katalon_Studio_Windows_64-9.0.0.beta\configuration\resources\lib\soap-common-1.0.0.jar;C:\Users\merie\.katalon\packages\Katalon_Studio_Windows_64-9.0.0.beta\Katalon_Studio_Windows_64-9.0.0.beta\configuration\resources\lib\soap-legacy-1.0.0.jar;C:\Users\merie\.katalon\packages\Katalon_Studio_Windows_64-9.0.0.beta\Katalon_Studio_Windows_64-9.0.0.beta\configuration\resources\lib\spring-context-5.3.19.jar;C:\Users\merie\.katalon\packages\Katalon_Studio_Windows_64-9.0.0.beta\Katalon_Studio_Windows_64-9.0.0.beta\configuration\resources\lib\stax2-api-4.0.0.jar;C:\Users\merie\.katalon\packages\Katalon_Studio_Windows_64-9.0.0.beta\Katalon_Studio_Windows_64-9.0.0.beta\configuration\resources\lib\su.jar;C:\Users\merie\.katalon\packages\Katalon_Studio_Windows_64-9.0.0.beta\Katalon_Studio_Windows_64-9.0.0.beta\configuration\resources\lib\testng-7.8.0.jar;C:\Users\merie\.katalon\packages\Katalon_Studio_Windows_64-9.0.0.beta\Katalon_Studio_Windows_64-9.0.0.beta\configuration\resources\lib\wadl.jar;C:\Users\merie\.katalon\packages\Katalon_Studio_Windows_64-9.0.0.beta\Katalon_Studio_Windows_64-9.0.0.beta\configuration\resources\lib\xmlbeans-3.1.0.jar;C:\Users\merie\.katalon\packages\Katalon_Studio_Windows_64-9.0.0.beta\Katalon_Studio_Windows_64-9.0.0.beta\plugins\net.sf.supercsv.super-csv_2.1.0.jar;C:\Users\merie\.katalon\packages\Katalon_Studio_Windows_64-9.0.0.beta\Katalon_Studio_Windows_64-9.0.0.beta\plugins\org.apache.commons.io_2.4.0.jar;C:\Users\merie\.katalon\packages\Katalon_Studio_Windows_64-9.0.0.beta\Katalon_Studio_Windows_64-9.0.0.beta\plugins\org.apache.commons.lang_2.6.0.jar;C:\Users\merie\.katalon\packages\Katalon_Studio_Windows_64-9.0.0.beta\Katalon_Studio_Windows_64-9.0.0.beta\plugins\com.google.gson_2.10.1.v20230109-0753.jar;C:\Users\merie\.katalon\packages\Katalon_Studio_Windows_64-9.0.0.beta\Katalon_Studio_Windows_64-9.0.0.beta\plugins\org.jsoup_1.14.3.jar;C:\Users\merie\.katalon\packages\Katalon_Studio_Windows_64-9.0.0.beta\Katalon_Studio_Windows_64-9.0.0.beta\plugins\org.apache.commons.dbutils_1.6.0.jar;C:\Users\merie\.katalon\packages\Katalon_Studio_Windows_64-9.0.0.beta\Katalon_Studio_Windows_64-9.0.0.beta\plugins\com.oracle.jdbc.ojdbc7_12.1.0.2.jar;C:\Users\merie\.katalon\packages\Katalon_Studio_Windows_64-9.0.0.beta\Katalon_Studio_Windows_64-9.0.0.beta\plugins\org.postgresql.jdbc_42.4.1.jar;c:\Users\merie\.katalon\packages\Katalon_Studio_Windows_64-9.0.0.beta\Katalon_Studio_Windows_64-9.0.0.beta\plugins\org.eclipse.osgi_3.18.300.v20230220-1352.jar;C:\Users\merie\.katalon\packages\Katalon_Studio_Windows_64-9.0.0.beta\Katalon_Studio_Windows_64-9.0.0.beta\plugins\com.kms.katalon.constant_1.0.0.202309130356.jar;C:\Users\merie\.katalon\packages\Katalon_Studio_Windows_64-9.0.0.beta\Katalon_Studio_Windows_64-9.0.0.beta\plugins\org.eclipse.persistence.eclipselink_2.7.11.jar;C:\Users\merie\.katalon\packages\Katalon_Studio_Windows_64-9.0.0.beta\Katalon_Studio_Windows_64-9.0.0.beta\plugins\com.kms.katalon.selenium-standalone_1.0.0.202309130356.jar;C:\Users\merie\.katalon\packages\Katalon_Studio_Windows_64-9.0.0.beta\Katalon_Studio_Windows_64-9.0.0.beta\plugins\atu.testrecorder.screen-recorder_2.1.0.jar;C:\Users\merie\.katalon\packages\Katalon_Studio_Windows_64-9.0.0.beta\Katalon_Studio_Windows_64-9.0.0.beta\plugins\com.google.guava_23.0.0.jar;C:\Users\merie\.katalon\packages\Katalon_Studio_Windows_64-9.0.0.beta\Katalon_Studio_Windows_64-9.0.0.beta\plugins\com.kms.katalon.util_1.0.0.202309130356.jar;C:\Users\merie\.katalon\packages\Katalon_Studio_Windows_64-9.0.0.beta\Katalon_Studio_Windows_64-9.0.0.beta\plugins\org.apache.httpcomponents.httpclient_4.5.14.v20221207-1049.jar;C:\Users\merie\.katalon\packages\Katalon_Studio_Windows_64-9.0.0.beta\Katalon_Studio_Windows_64-9.0.0.beta\plugins\org.apache.httpcomponents.httpcore_4.4.16.v20221207-1049.jar;C:\Users\merie\.katalon\packages\Katalon_Studio_Windows_64-9.0.0.beta\Katalon_Studio_Windows_64-9.0.0.beta\plugins\org.apache.httpcomponents.httpmime_4.5.1.jar;C:\Users\merie\.katalon\packages\Katalon_Studio_Windows_64-9.0.0.beta\Katalon_Studio_Windows_64-9.0.0.beta\plugins\org.apache.commons.lang3_3.7.0.jar;C:\Users\merie\.katalon\packages\Katalon_Studio_Windows_64-9.0.0.beta\Katalon_Studio_Windows_64-9.0.0.beta\plugins\org.greenrobot.eventbus_3.1.1.jar;C:\Users\merie\.katalon\packages\Katalon_Studio_Windows_64-9.0.0.beta\Katalon_Studio_Windows_64-9.0.0.beta\plugins\org.assertj.core_3.10.0.jar;C:\Users\merie\.katalon\packages\Katalon_Studio_Windows_64-9.0.0.beta\Katalon_Studio_Windows_64-9.0.0.beta\plugins\org.junit_4.13.2.v20211018-1956.jar;C:\Users\merie\.katalon\packages\Katalon_Studio_Windows_64-9.0.0.beta\Katalon_Studio_Windows_64-9.0.0.beta\plugins\com.fasterxml.jackson.core.jackson-databind_2.14.0.jar;C:\Users\merie\.katalon\packages\Katalon_Studio_Windows_64-9.0.0.beta\Katalon_Studio_Windows_64-9.0.0.beta\plugins\com.fasterxml.jackson.core.jackson-core_2.14.0.jar;C:\Users\merie\.katalon\packages\Katalon_Studio_Windows_64-9.0.0.beta\Katalon_Studio_Windows_64-9.0.0.beta\plugins\com.fasterxml.jackson.core.jackson-annotations_2.14.0.jar;C:\Users\merie\.katalon\packages\Katalon_Studio_Windows_64-9.0.0.beta\Katalon_Studio_Windows_64-9.0.0.beta\plugins\ch.qos.logback.classic_1.2.3.jar;C:\Users\merie\.katalon\packages\Katalon_Studio_Windows_64-9.0.0.beta\Katalon_Studio_Windows_64-9.0.0.beta\plugins\ch.qos.logback.core_1.2.3.jar;C:\Users\merie\.katalon\packages\Katalon_Studio_Windows_64-9.0.0.beta\Katalon_Studio_Windows_64-9.0.0.beta\plugins\slf4j.api_1.7.36.jar;C:\Users\merie\.katalon\packages\Katalon_Studio_Windows_64-9.0.0.beta\Katalon_Studio_Windows_64-9.0.0.beta\plugins\org.fusesource.jansi_1.17.1.jar;C:\Users\merie\.katalon\packages\Katalon_Studio_Windows_64-9.0.0.beta\Katalon_Studio_Windows_64-9.0.0.beta\plugins\com.kms.katalon.netlightbody_1.0.0.202309130356.jar;C:\Users\merie\.katalon\packages\Katalon_Studio_Windows_64-9.0.0.beta\Katalon_Studio_Windows_64-9.0.0.beta\plugins\com.kms.katalon.poi_1.0.0.202309130356.jar;C:\Users\merie\.katalon\packages\Katalon_Studio_Windows_64-9.0.0.beta\Katalon_Studio_Windows_64-9.0.0.beta\plugins\org.apache.commons.commons-text_1.10.0.jar;C:\Users\merie\.katalon\packages\Katalon_Studio_Windows_64-9.0.0.beta\Katalon_Studio_Windows_64-9.0.0.beta\plugins\com.kms.katalon.proxyvole_1.0.0.202309130356.jar;C:\Users\merie\.katalon\packages\Katalon_Studio_Windows_64-9.0.0.beta\Katalon_Studio_Windows_64-9.0.0.beta\plugins\com.microsoft.sqlserver.mssql-jdbc_6.2.2.jre8.jar;C:\Users\merie\.katalon\packages\Katalon_Studio_Windows_64-9.0.0.beta\Katalon_Studio_Windows_64-9.0.0.beta\plugins\com.github.kklisura.cdt.java-client_2.1.0.jar;C:\Users\merie\.katalon\packages\Katalon_Studio_Windows_64-9.0.0.beta\Katalon_Studio_Windows_64-9.0.0.beta\plugins\javax.websocket-api_1.1.0.jar;C:\Users\merie\.katalon\packages\Katalon_Studio_Windows_64-9.0.0.beta\Katalon_Studio_Windows_64-9.0.0.beta\plugins\org.glassfish.tyrus.container-grizzly-client_1.13.1.jar;C:\Users\merie\.katalon\packages\Katalon_Studio_Windows_64-9.0.0.beta\Katalon_Studio_Windows_64-9.0.0.beta\plugins\org.glassfish.grizzly.http-server_2.3.25.jar;C:\Users\merie\.katalon\packages\Katalon_Studio_Windows_64-9.0.0.beta\Katalon_Studio_Windows_64-9.0.0.beta\plugins\org.glassfish.grizzly.framework_2.3.25.jar;C:\Users\merie\.katalon\packages\Katalon_Studio_Windows_64-9.0.0.beta\Katalon_Studio_Windows_64-9.0.0.beta\plugins\org.glassfish.grizzly.http_2.3.25.jar;C:\Users\merie\.katalon\packages\Katalon_Studio_Windows_64-9.0.0.beta\Katalon_Studio_Windows_64-9.0.0.beta\plugins\org.glassfish.tyrus.client_1.13.1.jar;C:\Users\merie\.katalon\packages\Katalon_Studio_Windows_64-9.0.0.beta\Katalon_Studio_Windows_64-9.0.0.beta\plugins\org.glassfish.tyrus.core_1.13.1.jar;C:\Users\merie\.katalon\packages\Katalon_Studio_Windows_64-9.0.0.beta\Katalon_Studio_Windows_64-9.0.0.beta\plugins\org.glassfish.tyrus.spi_1.13.1.jar;C:\Users\merie\.katalon\packages\Katalon_Studio_Windows_64-9.0.0.beta\Katalon_Studio_Windows_64-9.0.0.beta\plugins\javassist_3.28.0.GA.jar;C:\Users\merie\.katalon\packages\Katalon_Studio_Windows_64-9.0.0.beta\Katalon_Studio_Windows_64-9.0.0.beta\plugins\com.graphql-java_16.2.0.jar;C:\Users\merie\.katalon\packages\Katalon_Studio_Windows_64-9.0.0.beta\Katalon_Studio_Windows_64-9.0.0.beta\plugins\org.glassfish.jaxb.runtime_2.3.6.jar;C:\Users\merie\.katalon\packages\Katalon_Studio_Windows_64-9.0.0.beta\Katalon_Studio_Windows_64-9.0.0.beta\plugins\org.glassfish.jaxb.txw2_2.3.6.jar;C:\Users\merie\.katalon\packages\Katalon_Studio_Windows_64-9.0.0.beta\Katalon_Studio_Windows_64-9.0.0.beta\plugins\org.dom4j_1.6.1.v201312101416.jar;C:\Users\merie\.katalon\packages\Katalon_Studio_Windows_64-9.0.0.beta\Katalon_Studio_Windows_64-9.0.0.beta\plugins\com.kms.katalon.groovy-extended_1.0.0.202309130356.jar;C:\Users\merie\.katalon\packages\Katalon_Studio_Windows_64-9.0.0.beta\Katalon_Studio_Windows_64-9.0.0.beta\plugins\com.sun.activation.javax.activation_1.2.0.jar;C:\Users\merie\.katalon\packages\Katalon_Studio_Windows_64-9.0.0.beta\Katalon_Studio_Windows_64-9.0.0.beta\plugins\jakarta.xml.bind-api_2.3.3.jar;C:\Users\merie\.katalon\packages\Katalon_Studio_Windows_64-9.0.0.beta\Katalon_Studio_Windows_64-9.0.0.beta\plugins\com.sun.xml.bind.jaxb-impl_2.3.6.jar;C:\Users\merie\.katalon\packages\Katalon_Studio_Windows_64-9.0.0.beta\Katalon_Studio_Windows_64-9.0.0.beta\plugins\org.apache.commons.codec_1.14.0.v20221112-0806.jar;C:\Users\merie\.katalon\packages\Katalon_Studio_Windows_64-9.0.0.beta\Katalon_Studio_Windows_64-9.0.0.beta\plugins\org.apache.commons.logging_1.2.0.v20180409-1502.jar;C:\Users\merie\.katalon\packages\Katalon_Studio_Windows_64-9.0.0.beta\Katalon_Studio_Windows_64-9.0.0.beta\plugins\org.hamcrest.core_1.3.0.v20180420-1519.jar;C:\Users\merie\.katalon\packages\Katalon_Studio_Windows_64-9.0.0.beta\Katalon_Studio_Windows_64-9.0.0.beta\plugins\org.beanshell.bsh_2.0.0.0b4.jar;C:\Users\merie\.katalon\packages\Katalon_Studio_Windows_64-9.0.0.beta\Katalon_Studio_Windows_64-9.0.0.beta\plugins\org.apache.ant.launcher_1.9.6.jar;C:\Users\merie\.katalon\packages\Katalon_Studio_Windows_64-9.0.0.beta\Katalon_Studio_Windows_64-9.0.0.beta\plugins\com.kms.katalon.core.appium_1.0.0.202309130356.jar;C:\Users\merie\.katalon\packages\Katalon_Studio_Windows_64-9.0.0.beta\Katalon_Studio_Windows_64-9.0.0.beta\plugins\com.kms.katalon.logging_1.0.0.202309130356.jar;C:\Users\merie\.katalon\packages\Katalon_Studio_Windows_64-9.0.0.beta\Katalon_Studio_Windows_64-9.0.0.beta\plugins\org.eclipse.equinox.common_3.17.100.v20230202-1341.jar;C:\Users\merie\.katalon\packages\Katalon_Studio_Windows_64-9.0.0.beta\Katalon_Studio_Windows_64-9.0.0.beta\plugins\com.kms.katalon.core.webui_1.0.0.202309130356.jar;C:\Users\merie\.katalon\packages\Katalon_Studio_Windows_64-9.0.0.beta\Katalon_Studio_Windows_64-9.0.0.beta\plugins\org.json_20140107.0.0.jar;C:\Users\merie\.katalon\packages\Katalon_Studio_Windows_64-9.0.0.beta\Katalon_Studio_Windows_64-9.0.0.beta\plugins\org.eclipse.e4.core.contexts_1.11.0.v20220716-0839.jar;C:\Users\merie\.katalon\packages\Katalon_Studio_Windows_64-9.0.0.beta\Katalon_Studio_Windows_64-9.0.0.beta\plugins\org.eclipse.e4.core.services_2.3.400.v20220915-1347.jar;C:\Users\merie\.katalon\packages\Katalon_Studio_Windows_64-9.0.0.beta\Katalon_Studio_Windows_64-9.0.0.beta\plugins\com.kms.katalon.core.mobile_1.0.0.202309130356.jar;C:\Users\merie\.katalon\packages\Katalon_Studio_Windows_64-9.0.0.beta\Katalon_Studio_Windows_64-9.0.0.beta\plugins\org.apache.commons.commons-validator_1.7.0.jar;C:\Users\merie\.katalon\packages\Katalon_Studio_Windows_64-9.0.0.beta\Katalon_Studio_Windows_64-9.0.0.beta\plugins\com.kms.katalon.core.cucumber_1.0.0.202309130356.jar;C:\Users\merie\.katalon\packages\Katalon_Studio_Windows_64-9.0.0.beta\Katalon_Studio_Windows_64-9.0.0.beta\plugins\io.cucumber.core_3.0.2.jar;C:\Users\merie\.katalon\packages\Katalon_Studio_Windows_64-9.0.0.beta\Katalon_Studio_Windows_64-9.0.0.beta\plugins\io.cucumber.datatable_1.0.3.jar;C:\Users\merie\.katalon\packages\Katalon_Studio_Windows_64-9.0.0.beta\Katalon_Studio_Windows_64-9.0.0.beta\plugins\io.cucumber.datatable-dependencies_1.0.3.jar;C:\Users\merie\.katalon\packages\Katalon_Studio_Windows_64-9.0.0.beta\Katalon_Studio_Windows_64-9.0.0.beta\plugins\io.cucumber.expressions_5.0.19.jar;C:\Users\merie\.katalon\packages\Katalon_Studio_Windows_64-9.0.0.beta\Katalon_Studio_Windows_64-9.0.0.beta\plugins\io.cucumber.gherkin_5.0.0.jar;C:\Users\merie\.katalon\packages\Katalon_Studio_Windows_64-9.0.0.beta\Katalon_Studio_Windows_64-9.0.0.beta\plugins\io.cucumber.html_0.2.7.jar;C:\Users\merie\.katalon\packages\Katalon_Studio_Windows_64-9.0.0.beta\Katalon_Studio_Windows_64-9.0.0.beta\plugins\io.cucumber.java_3.0.2.jar;C:\Users\merie\.katalon\packages\Katalon_Studio_Windows_64-9.0.0.beta\Katalon_Studio_Windows_64-9.0.0.beta\plugins\io.cucumber.tag-expressions_1.1.1.jar;C:\Users\merie\.katalon\packages\Katalon_Studio_Windows_64-9.0.0.beta\Katalon_Studio_Windows_64-9.0.0.beta\plugins\io.cucumber.junit_3.0.2.jar;C:\Users\merie\.katalon\packages\Katalon_Studio_Windows_64-9.0.0.beta\Katalon_Studio_Windows_64-9.0.0.beta\plugins\com.kms.katalon.core.webservice_1.0.0.202309130356.jar;C:\Users\merie\.katalon\packages\Katalon_Studio_Windows_64-9.0.0.beta\Katalon_Studio_Windows_64-9.0.0.beta\plugins\wsdl4j_1.6.2.jar;C:\Users\merie\.katalon\packages\Katalon_Studio_Windows_64-9.0.0.beta\Katalon_Studio_Windows_64-9.0.0.beta\plugins\com.google.oauth-client.google-oauth-client_1.22.0.jar;C:\Users\merie\.katalon\packages\Katalon_Studio_Windows_64-9.0.0.beta\Katalon_Studio_Windows_64-9.0.0.beta\plugins\com.google.http-client.google-http-client_1.22.0.jar;C:\Users\merie\.katalon\packages\Katalon_Studio_Windows_64-9.0.0.beta\Katalon_Studio_Windows_64-9.0.0.beta\plugins\ca.juliusdavies.not-yet-commons-ssl_0.3.11.jar;C:\Users\merie\.katalon\packages\Katalon_Studio_Windows_64-9.0.0.beta\Katalon_Studio_Windows_64-9.0.0.beta\plugins\com.kms.katalon.preferences_1.0.0.202309130356.jar;C:\Users\merie\.katalon\packages\Katalon_Studio_Windows_64-9.0.0.beta\Katalon_Studio_Windows_64-9.0.0.beta\plugins\org.apache.xmlbeans_3.1.0.jar;C:\Users\merie\.katalon\packages\Katalon_Studio_Windows_64-9.0.0.beta\Katalon_Studio_Windows_64-9.0.0.beta\plugins\com.kms.katalon.entity_1.0.0.202309130356.jar;C:\Users\merie\.katalon\packages\Katalon_Studio_Windows_64-9.0.0.beta\Katalon_Studio_Windows_64-9.0.0.beta\plugins\org.antlr.antlr4-runtime_4.8.0.jar;C:\Users\merie\.katalon\packages\Katalon_Studio_Windows_64-9.0.0.beta\Katalon_Studio_Windows_64-9.0.0.beta\plugins\com.networknt.json-schema-validator_1.0.66.jar;C:\Users\merie\.katalon\packages\Katalon_Studio_Windows_64-9.0.0.beta\Katalon_Studio_Windows_64-9.0.0.beta\plugins\jakarta.xml.ws-api_2.3.3.jar;C:\Users\merie\.katalon\packages\Katalon_Studio_Windows_64-9.0.0.beta\Katalon_Studio_Windows_64-9.0.0.beta\plugins\javax.xml.soap-api_1.4.0.jar;C:\Users\merie\.katalon\packages\Katalon_Studio_Windows_64-9.0.0.beta\Katalon_Studio_Windows_64-9.0.0.beta\plugins\com.kms.katalon.core.windows_1.0.0.202309130356.jar;C:\Users\merie\.katalon\packages\Katalon_Studio_Windows_64-9.0.0.beta\Katalon_Studio_Windows_64-9.0.0.beta\plugins\com.kms.katalon.core.testng_1.0.0.202309130356.jar;C:\Users\merie\.katalon\packages\Katalon_Studio_Windows_64-9.0.0.beta\Katalon_Studio_Windows_64-9.0.0.beta\configuration\org.eclipse.osgi\26\0\.cp\resources\basic-report\katalon-studio-report-plugin.jar;C:\Users\merie\.katalon\packages\Katalon_Studio_Windows_64-9.0.0.beta\Katalon_Studio_Windows_64-9.0.0.beta\plugins\org.codehaus.groovy_3.0.17.v202303311542-e2303\lib\groovy-3.0.17-indy.jar;C:\Users\merie\.katalon\packages\Katalon_Studio_Windows_64-9.0.0.beta\Katalon_Studio_Windows_64-9.0.0.beta\plugins\org.codehaus.groovy_3.0.17.v202303311542-e2303\lib\ivy-2.5.1.jar --main groovy.ui.GroovyMain --encoding UTF-8 --indy C:\Users\merie\Katalon Studio\WeatherShopperKatalon\Libs\TempTestCase1696943754693.groovy

Host: AMD Ryzen 5 5500U with Radeon Graphics         , 12 cores, 5G,  Windows 11 , 64 bit Build 22621 (10.0.22621.2215)
Time: Tue Oct 10 15:16:07 2023 Romance Daylight Time elapsed time: 12.188989 seconds (0d 0h 0m 12s)

---------------  T H R E A D  ---------------

Current thread (0x000002de84071cf0):  JavaThread "C2 CompilerThread0" daemon [_thread_in_native, id=71924, stack(0x000000f770700000,0x000000f770800000)]


Current CompileTask:
C2:  12189 4807       4       java.net.URLStreamHandler::parseURL (1201 bytes)

Stack: [0x000000f770700000,0x000000f770800000]
Native frames: (J=compiled Java code, j=interpreted, Vv=VM code, C=native code)
V  [jvm.dll+0x67754a]
V  [jvm.dll+0x834304]
V  [jvm.dll+0x835aae]
V  [jvm.dll+0x836113]
V  [jvm.dll+0x24696f]
V  [jvm.dll+0xac0ac]
V  [jvm.dll+0xac67c]
V  [jvm.dll+0x2adbef]
V  [jvm.dll+0x580067]
V  [jvm.dll+0x221e72]
V  [jvm.dll+0x21b039]
V  [jvm.dll+0x21895b]
V  [jvm.dll+0x1a4d8d]
V  [jvm.dll+0x2284da]
V  [jvm.dll+0x226615]
V  [jvm.dll+0x7ea90b]
V  [jvm.dll+0x7e4e7a]
V  [jvm.dll+0x676395]
C  [ucrtbase.dll+0x29363]
C  [KERNEL32.DLL+0x1257d]
C  [ntdll.dll+0x5aa68]


---------------  P R O C E S S  ---------------

Threads class SMR info:
_java_thread_list=0x000002de84a777d0, length=21, elements={
0x000002dedefa9750, 0x000002de8403e020, 0x000002defae65420, 0x000002de84062000,
0x000002de840628c0, 0x000002de84065190, 0x000002de84065a50, 0x000002de84071cf0,
0x000002de84072790, 0x000002de8407d960, 0x000002de842c6040, 0x000002de849e9ff0,
0x000002de86315020, 0x000002de84d67030, 0x000002de86f73830, 0x000002de86f73d00,
0x000002de85e98bd0, 0x000002de85e9a8b0, 0x000002de85e9c0c0, 0x000002de85e990a0,
0x000002de85e99570
}

Java Threads: ( => current thread )
  0x000002dedefa9750 JavaThread "main" [_thread_in_vm, id=73952, stack(0x000000f76fa00000,0x000000f76fb00000)]
  0x000002de8403e020 JavaThread "Reference Handler" daemon [_thread_blocked, id=72572, stack(0x000000f770100000,0x000000f770200000)]
  0x000002defae65420 JavaThread "Finalizer" daemon [_thread_blocked, id=58152, stack(0x000000f770200000,0x000000f770300000)]
  0x000002de84062000 JavaThread "Signal Dispatcher" daemon [_thread_blocked, id=75008, stack(0x000000f770300000,0x000000f770400000)]
  0x000002de840628c0 JavaThread "Attach Listener" daemon [_thread_blocked, id=70588, stack(0x000000f770400000,0x000000f770500000)]
  0x000002de84065190 JavaThread "Service Thread" daemon [_thread_blocked, id=70844, stack(0x000000f770500000,0x000000f770600000)]
  0x000002de84065a50 JavaThread "Monitor Deflation Thread" daemon [_thread_blocked, id=73696, stack(0x000000f770600000,0x000000f770700000)]
=>0x000002de84071cf0 JavaThread "C2 CompilerThread0" daemon [_thread_in_native, id=71924, stack(0x000000f770700000,0x000000f770800000)]
  0x000002de84072790 JavaThread "C1 CompilerThread0" daemon [_thread_blocked, id=73996, stack(0x000000f770800000,0x000000f770900000)]
  0x000002de8407d960 JavaThread "Sweeper thread" daemon [_thread_blocked, id=67360, stack(0x000000f770900000,0x000000f770a00000)]
  0x000002de842c6040 JavaThread "Common-Cleaner" daemon [_thread_blocked, id=74596, stack(0x000000f770a00000,0x000000f770b00000)]
  0x000002de849e9ff0 JavaThread "Notification Thread" daemon [_thread_blocked, id=70960, stack(0x000000f770b00000,0x000000f770c00000)]
  0x000002de86315020 JavaThread "Exec Default Executor" daemon [_thread_in_native, id=75168, stack(0x000000f771800000,0x000000f771900000)]
  0x000002de84d67030 JavaThread "UrlChecker-2" daemon [_thread_blocked, id=72156, stack(0x000000f771900000,0x000000f771a00000)]
  0x000002de86f73830 JavaThread "Exec Stream Pumper" daemon [_thread_in_native, id=45132, stack(0x000000f771b00000,0x000000f771c00000)]
  0x000002de86f73d00 JavaThread "Exec Stream Pumper" daemon [_thread_in_native, id=75736, stack(0x000000f771c00000,0x000000f771d00000)]
  0x000002de85e98bd0 JavaThread "Keep-Alive-Timer" daemon [_thread_blocked, id=73484, stack(0x000000f771d00000,0x000000f771e00000)]
  0x000002de85e9a8b0 JavaThread "ForkJoinPool.commonPool-worker-1" daemon [_thread_blocked, id=69796, stack(0x000000f771e00000,0x000000f771f00000)]
  0x000002de85e9c0c0 JavaThread "ForkJoinPool.commonPool-worker-2" daemon [_thread_blocked, id=75240, stack(0x000000f771f00000,0x000000f772000000)]
  0x000002de85e990a0 JavaThread "OkHttp ConnectionPool" daemon [_thread_blocked, id=75172, stack(0x000000f772000000,0x000000f772100000)]
  0x000002de85e99570 JavaThread "Okio Watchdog" daemon [_thread_blocked, id=72564, stack(0x000000f772100000,0x000000f772200000)]

Other Threads:
  0x000002defae62b80 VMThread "VM Thread" [stack: 0x000000f770000000,0x000000f770100000] [id=74640]
  0x000002de84a18440 WatcherThread [stack: 0x000000f770c00000,0x000000f770d00000] [id=68148]
  0x000002dedf006690 GCTaskThread "GC Thread#0" [stack: 0x000000f76fb00000,0x000000f76fc00000] [id=74416]
  0x000002de852114a0 GCTaskThread "GC Thread#1" [stack: 0x000000f770d00000,0x000000f770e00000] [id=75300]
  0x000002de8518d350 GCTaskThread "GC Thread#2" [stack: 0x000000f770e00000,0x000000f770f00000] [id=19772]
  0x000002de8561c080 GCTaskThread "GC Thread#3" [stack: 0x000000f770f00000,0x000000f771000000] [id=71884]
  0x000002de851445d0 GCTaskThread "GC Thread#4" [stack: 0x000000f771000000,0x000000f771100000] [id=73356]
  0x000002de85144e90 GCTaskThread "GC Thread#5" [stack: 0x000000f771100000,0x000000f771200000] [id=45096]
  0x000002de858da270 GCTaskThread "GC Thread#6" [stack: 0x000000f771200000,0x000000f771300000] [id=65432]
  0x000002de854ab360 GCTaskThread "GC Thread#7" [stack: 0x000000f771300000,0x000000f771400000] [id=71864]
  0x000002de854aad30 GCTaskThread "GC Thread#8" [stack: 0x000000f771400000,0x000000f771500000] [id=70160]
  0x000002de860008e0 GCTaskThread "GC Thread#9" [stack: 0x000000f771500000,0x000000f771600000] [id=74376]
  0x000002dedf0175d0 ConcurrentGCThread "G1 Main Marker" [stack: 0x000000f76fc00000,0x000000f76fd00000] [id=60904]
  0x000002dedf018780 ConcurrentGCThread "G1 Conc#0" [stack: 0x000000f76fd00000,0x000000f76fe00000] [id=69304]
  0x000002de85fff8c0 ConcurrentGCThread "G1 Conc#1" [stack: 0x000000f771600000,0x000000f771700000] [id=75588]
  0x000002de860000d0 ConcurrentGCThread "G1 Conc#2" [stack: 0x000000f771700000,0x000000f771800000] [id=69356]
  0x000002defacd4940 ConcurrentGCThread "G1 Refine#0" [stack: 0x000000f76fe00000,0x000000f76ff00000] [id=73504]
  0x000002defacd5360 ConcurrentGCThread "G1 Service" [stack: 0x000000f76ff00000,0x000000f770000000] [id=72588]

Threads with active compile tasks:
C2 CompilerThread0    12226 4807       4       java.net.URLStreamHandler::parseURL (1201 bytes)
C1 CompilerThread0    12226 4870       2       com.google.common.collect.AbstractMapEntry::<init> (5 bytes)

VM state: not at safepoint (normal execution)

VM Mutex/Monitor currently owned by a thread: None

Heap address: 0x0000000080000000, size: 2048 MB, Compressed Oops mode: 32-bit

CDS archive(s) not mapped
Compressed class space mapped at: 0x0000000100000000-0x0000000140000000, reserved size: 1073741824
Narrow klass base: 0x0000000000000000, Narrow klass shift: 3, Narrow klass range: 0x140000000

GC Precious Log:
 CPUs: 12 total, 12 available
 Memory: 6005M
 Large Page Support: Disabled
 NUMA Support: Disabled
 Compressed Oops: Enabled (32-bit)
 Heap Region Size: 1M
 Heap Min Capacity: 8M
 Heap Initial Capacity: 94M
 Heap Max Capacity: 2G
 Pre-touch: Disabled
 Parallel Workers: 10
 Concurrent Workers: 3
 Concurrent Refinement Workers: 10
 Periodic GC: Disabled

Heap:
 garbage-first heap   total 106496K, used 67698K [0x0000000080000000, 0x0000000100000000)
  region size 1024K, 45 young (46080K), 7 survivors (7168K)
 Metaspace       used 41877K, committed 42432K, reserved 1114112K
  class space    used 4655K, committed 4928K, reserved 1048576K

Heap Regions: E=young(eden), S=young(survivor), O=old, HS=humongous(starts), HC=humongous(continues), CS=collection set, F=free, OA=open archive, CA=closed archive, TAMS=top-at-mark-start (previous, next)
|   0|0x0000000080000000, 0x0000000080100000, 0x0000000080100000|100%|HS|  |TAMS 0x0000000080100000, 0x0000000080000000| Complete 
|   1|0x0000000080100000, 0x0000000080200000, 0x0000000080200000|100%|HS|  |TAMS 0x0000000080200000, 0x0000000080100000| Complete 
|   2|0x0000000080200000, 0x0000000080300000, 0x0000000080300000|100%|HS|  |TAMS 0x0000000080300000, 0x0000000080200000| Complete 
|   3|0x0000000080300000, 0x0000000080400000, 0x0000000080400000|100%| O|  |TAMS 0x0000000080400000, 0x0000000080300000| Untracked 
|   4|0x0000000080400000, 0x0000000080500000, 0x0000000080500000|100%| O|  |TAMS 0x0000000080500000, 0x0000000080400000| Untracked 
|   5|0x0000000080500000, 0x0000000080600000, 0x0000000080600000|100%| O|  |TAMS 0x0000000080600000, 0x0000000080500000| Untracked 
|   6|0x0000000080600000, 0x0000000080700000, 0x0000000080700000|100%| O|  |TAMS 0x0000000080700000, 0x0000000080600000| Untracked 
|   7|0x0000000080700000, 0x0000000080800000, 0x0000000080800000|100%| O|  |TAMS 0x0000000080800000, 0x0000000080700000| Untracked 
|   8|0x0000000080800000, 0x0000000080900000, 0x0000000080900000|100%| O|  |TAMS 0x0000000080900000, 0x0000000080800000| Untracked 
|   9|0x0000000080900000, 0x0000000080a00000, 0x0000000080a00000|100%| O|  |TAMS 0x0000000080a00000, 0x0000000080900000| Untracked 
|  10|0x0000000080a00000, 0x0000000080b00000, 0x0000000080b00000|100%| O|  |TAMS 0x0000000080b00000, 0x0000000080a00000| Untracked 
|  11|0x0000000080b00000, 0x0000000080c00000, 0x0000000080c00000|100%| O|  |TAMS 0x0000000080c00000, 0x0000000080b00000| Untracked 
|  12|0x0000000080c00000, 0x0000000080d00000, 0x0000000080d00000|100%| O|  |TAMS 0x0000000080d00000, 0x0000000080c00000| Untracked 
|  13|0x0000000080d00000, 0x0000000080e00000, 0x0000000080e00000|100%| O|  |TAMS 0x0000000080e00000, 0x0000000080d00000| Untracked 
|  14|0x0000000080e00000, 0x0000000080f00000, 0x0000000080f00000|100%| O|  |TAMS 0x0000000080f00000, 0x0000000080e00000| Untracked 
|  15|0x0000000080f00000, 0x0000000081000000, 0x0000000081000000|100%| O|  |TAMS 0x0000000081000000, 0x0000000080f00000| Untracked 
|  16|0x0000000081000000, 0x0000000081100000, 0x0000000081100000|100%| O|  |TAMS 0x0000000081100000, 0x0000000081000000| Untracked 
|  17|0x0000000081100000, 0x0000000081100000, 0x0000000081200000|  0%| F|  |TAMS 0x0000000081100000, 0x0000000081100000| Untracked 
|  18|0x0000000081200000, 0x0000000081300000, 0x0000000081300000|100%| O|  |TAMS 0x0000000081300000, 0x0000000081200000| Untracked 
|  19|0x0000000081300000, 0x0000000081400000, 0x0000000081400000|100%| O|  |TAMS 0x0000000081400000, 0x0000000081300000| Untracked 
|  20|0x0000000081400000, 0x0000000081500000, 0x0000000081500000|100%| O|  |TAMS 0x0000000081500000, 0x0000000081400000| Untracked 
|  21|0x0000000081500000, 0x0000000081600000, 0x0000000081600000|100%| O|  |TAMS 0x0000000081600000, 0x0000000081500000| Untracked 
|  22|0x0000000081600000, 0x0000000081700000, 0x0000000081700000|100%| O|  |TAMS 0x0000000081700000, 0x0000000081600000| Untracked 
|  23|0x0000000081700000, 0x00000000817c5c00, 0x0000000081800000| 77%| O|  |TAMS 0x00000000817c5c00, 0x0000000081700000| Complete 
|  24|0x0000000081800000, 0x0000000081800000, 0x0000000081900000|  0%| F|  |TAMS 0x0000000081800000, 0x0000000081800000| Untracked 
|  25|0x0000000081900000, 0x0000000081900000, 0x0000000081a00000|  0%| F|  |TAMS 0x0000000081900000, 0x0000000081900000| Untracked 
|  26|0x0000000081a00000, 0x0000000081a00000, 0x0000000081b00000|  0%| F|  |TAMS 0x0000000081a00000, 0x0000000081a00000| Untracked 
|  27|0x0000000081b00000, 0x0000000081b00000, 0x0000000081c00000|  0%| F|  |TAMS 0x0000000081b00000, 0x0000000081b00000| Untracked 
|  28|0x0000000081c00000, 0x0000000081c00000, 0x0000000081d00000|  0%| F|  |TAMS 0x0000000081c00000, 0x0000000081c00000| Untracked 
|  29|0x0000000081d00000, 0x0000000081d00000, 0x0000000081e00000|  0%| F|  |TAMS 0x0000000081d00000, 0x0000000081d00000| Untracked 
|  30|0x0000000081e00000, 0x0000000081e00000, 0x0000000081f00000|  0%| F|  |TAMS 0x0000000081e00000, 0x0000000081e00000| Untracked 
|  31|0x0000000081f00000, 0x0000000081f00000, 0x0000000082000000|  0%| F|  |TAMS 0x0000000081f00000, 0x0000000081f00000| Untracked 
|  32|0x0000000082000000, 0x0000000082000000, 0x0000000082100000|  0%| F|  |TAMS 0x0000000082000000, 0x0000000082000000| Untracked 
|  33|0x0000000082100000, 0x0000000082100000, 0x0000000082200000|  0%| F|  |TAMS 0x0000000082100000, 0x0000000082100000| Untracked 
|  34|0x0000000082200000, 0x0000000082200000, 0x0000000082300000|  0%| F|  |TAMS 0x0000000082200000, 0x0000000082200000| Untracked 
|  35|0x0000000082300000, 0x0000000082300000, 0x0000000082400000|  0%| F|  |TAMS 0x0000000082300000, 0x0000000082300000| Untracked 
|  36|0x0000000082400000, 0x0000000082400000, 0x0000000082500000|  0%| F|  |TAMS 0x0000000082400000, 0x0000000082400000| Untracked 
|  37|0x0000000082500000, 0x0000000082500000, 0x0000000082600000|  0%| F|  |TAMS 0x0000000082500000, 0x0000000082500000| Untracked 
|  38|0x0000000082600000, 0x0000000082600000, 0x0000000082700000|  0%| F|  |TAMS 0x0000000082600000, 0x0000000082600000| Untracked 
|  39|0x0000000082700000, 0x0000000082700000, 0x0000000082800000|  0%| F|  |TAMS 0x0000000082700000, 0x0000000082700000| Untracked 
|  40|0x0000000082800000, 0x0000000082800000, 0x0000000082900000|  0%| F|  |TAMS 0x0000000082800000, 0x0000000082800000| Untracked 
|  41|0x0000000082900000, 0x0000000082900000, 0x0000000082a00000|  0%| F|  |TAMS 0x0000000082900000, 0x0000000082900000| Untracked 
|  42|0x0000000082a00000, 0x0000000082a00000, 0x0000000082b00000|  0%| F|  |TAMS 0x0000000082a00000, 0x0000000082a00000| Untracked 
|  43|0x0000000082b00000, 0x0000000082b00000, 0x0000000082c00000|  0%| F|  |TAMS 0x0000000082b00000, 0x0000000082b00000| Untracked 
|  44|0x0000000082c00000, 0x0000000082c00000, 0x0000000082d00000|  0%| F|  |TAMS 0x0000000082c00000, 0x0000000082c00000| Untracked 
|  45|0x0000000082d00000, 0x0000000082d00000, 0x0000000082e00000|  0%| F|  |TAMS 0x0000000082d00000, 0x0000000082d00000| Untracked 
|  46|0x0000000082e00000, 0x0000000082e00000, 0x0000000082f00000|  0%| F|  |TAMS 0x0000000082e00000, 0x0000000082e00000| Untracked 
|  47|0x0000000082f00000, 0x0000000082f00000, 0x0000000083000000|  0%| F|  |TAMS 0x0000000082f00000, 0x0000000082f00000| Untracked 
|  48|0x0000000083000000, 0x0000000083000000, 0x0000000083100000|  0%| F|  |TAMS 0x0000000083000000, 0x0000000083000000| Untracked 
|  49|0x0000000083100000, 0x0000000083100000, 0x0000000083200000|  0%| F|  |TAMS 0x0000000083100000, 0x0000000083100000| Untracked 
|  50|0x0000000083200000, 0x0000000083200000, 0x0000000083300000|  0%| F|  |TAMS 0x0000000083200000, 0x0000000083200000| Untracked 
|  51|0x0000000083300000, 0x0000000083300000, 0x0000000083400000|  0%| F|  |TAMS 0x0000000083300000, 0x0000000083300000| Untracked 
|  52|0x0000000083400000, 0x0000000083400000, 0x0000000083500000|  0%| F|  |TAMS 0x0000000083400000, 0x0000000083400000| Untracked 
|  53|0x0000000083500000, 0x0000000083500000, 0x0000000083600000|  0%| F|  |TAMS 0x0000000083500000, 0x0000000083500000| Untracked 
|  54|0x0000000083600000, 0x0000000083600000, 0x0000000083700000|  0%| F|  |TAMS 0x0000000083600000, 0x0000000083600000| Untracked 
|  55|0x0000000083700000, 0x0000000083700000, 0x0000000083800000|  0%| F|  |TAMS 0x0000000083700000, 0x0000000083700000| Untracked 
|  56|0x0000000083800000, 0x0000000083800000, 0x0000000083900000|  0%| F|  |TAMS 0x0000000083800000, 0x0000000083800000| Untracked 
|  57|0x0000000083900000, 0x0000000083900000, 0x0000000083a00000|  0%| F|  |TAMS 0x0000000083900000, 0x0000000083900000| Untracked 
|  58|0x0000000083a00000, 0x0000000083a00000, 0x0000000083b00000|  0%| F|  |TAMS 0x0000000083a00000, 0x0000000083a00000| Untracked 
|  59|0x0000000083b00000, 0x0000000083b82010, 0x0000000083c00000| 50%| E|  |TAMS 0x0000000083b00000, 0x0000000083b00000| Complete 
|  60|0x0000000083c00000, 0x0000000083d00000, 0x0000000083d00000|100%| E|CS|TAMS 0x0000000083c00000, 0x0000000083c00000| Complete 
|  61|0x0000000083d00000, 0x0000000083e00000, 0x0000000083e00000|100%| E|CS|TAMS 0x0000000083d00000, 0x0000000083d00000| Complete 
|  62|0x0000000083e00000, 0x0000000083f00000, 0x0000000083f00000|100%| E|CS|TAMS 0x0000000083e00000, 0x0000000083e00000| Complete 
|  63|0x0000000083f00000, 0x0000000084000000, 0x0000000084000000|100%| E|CS|TAMS 0x0000000083f00000, 0x0000000083f00000| Complete 
|  64|0x0000000084000000, 0x0000000084100000, 0x0000000084100000|100%| E|CS|TAMS 0x0000000084000000, 0x0000000084000000| Complete 
|  65|0x0000000084100000, 0x0000000084200000, 0x0000000084200000|100%| E|CS|TAMS 0x0000000084100000, 0x0000000084100000| Complete 
|  66|0x0000000084200000, 0x0000000084300000, 0x0000000084300000|100%| E|CS|TAMS 0x0000000084200000, 0x0000000084200000| Complete 
|  67|0x0000000084300000, 0x0000000084400000, 0x0000000084400000|100%| E|CS|TAMS 0x0000000084300000, 0x0000000084300000| Complete 
|  68|0x0000000084400000, 0x0000000084500000, 0x0000000084500000|100%| E|CS|TAMS 0x0000000084400000, 0x0000000084400000| Complete 
|  69|0x0000000084500000, 0x0000000084600000, 0x0000000084600000|100%| E|CS|TAMS 0x0000000084500000, 0x0000000084500000| Complete 
|  70|0x0000000084600000, 0x0000000084700000, 0x0000000084700000|100%| E|CS|TAMS 0x0000000084600000, 0x0000000084600000| Complete 
|  71|0x0000000084700000, 0x0000000084800000, 0x0000000084800000|100%| E|CS|TAMS 0x0000000084700000, 0x0000000084700000| Complete 
|  72|0x0000000084800000, 0x0000000084900000, 0x0000000084900000|100%| E|CS|TAMS 0x0000000084800000, 0x0000000084800000| Complete 
|  73|0x0000000084900000, 0x0000000084a00000, 0x0000000084a00000|100%| E|CS|TAMS 0x0000000084900000, 0x0000000084900000| Complete 
|  74|0x0000000084a00000, 0x0000000084b00000, 0x0000000084b00000|100%| E|CS|TAMS 0x0000000084a00000, 0x0000000084a00000| Complete 
|  75|0x0000000084b00000, 0x0000000084c00000, 0x0000000084c00000|100%| E|CS|TAMS 0x0000000084b00000, 0x0000000084b00000| Complete 
|  76|0x0000000084c00000, 0x0000000084d00000, 0x0000000084d00000|100%| E|CS|TAMS 0x0000000084c00000, 0x0000000084c00000| Complete 
|  77|0x0000000084d00000, 0x0000000084e00000, 0x0000000084e00000|100%| E|CS|TAMS 0x0000000084d00000, 0x0000000084d00000| Complete 
|  78|0x0000000084e00000, 0x0000000084f00000, 0x0000000084f00000|100%| E|CS|TAMS 0x0000000084e00000, 0x0000000084e00000| Complete 
|  79|0x0000000084f00000, 0x0000000085000000, 0x0000000085000000|100%| E|CS|TAMS 0x0000000084f00000, 0x0000000084f00000| Complete 
|  80|0x0000000085000000, 0x0000000085100000, 0x0000000085100000|100%| E|CS|TAMS 0x0000000085000000, 0x0000000085000000| Complete 
|  81|0x0000000085100000, 0x0000000085200000, 0x0000000085200000|100%| E|CS|TAMS 0x0000000085100000, 0x0000000085100000| Complete 
|  82|0x0000000085200000, 0x0000000085300000, 0x0000000085300000|100%| E|CS|TAMS 0x0000000085200000, 0x0000000085200000| Complete 
|  83|0x0000000085300000, 0x0000000085400000, 0x0000000085400000|100%| E|CS|TAMS 0x0000000085300000, 0x0000000085300000| Complete 
|  84|0x0000000085400000, 0x0000000085500000, 0x0000000085500000|100%| E|CS|TAMS 0x0000000085400000, 0x0000000085400000| Complete 
|  85|0x0000000085500000, 0x0000000085600000, 0x0000000085600000|100%| E|CS|TAMS 0x0000000085500000, 0x0000000085500000| Complete 
|  86|0x0000000085600000, 0x0000000085700000, 0x0000000085700000|100%| E|CS|TAMS 0x0000000085600000, 0x0000000085600000| Complete 
|  87|0x0000000085700000, 0x0000000085800000, 0x0000000085800000|100%| E|CS|TAMS 0x0000000085700000, 0x0000000085700000| Complete 
|  88|0x0000000085800000, 0x0000000085900000, 0x0000000085900000|100%| E|CS|TAMS 0x0000000085800000, 0x0000000085800000| Complete 
|  89|0x0000000085900000, 0x0000000085a00000, 0x0000000085a00000|100%| E|CS|TAMS 0x0000000085900000, 0x0000000085900000| Complete 
|  90|0x0000000085a00000, 0x0000000085b00000, 0x0000000085b00000|100%| E|CS|TAMS 0x0000000085a00000, 0x0000000085a00000| Complete 
|  91|0x0000000085b00000, 0x0000000085c00000, 0x0000000085c00000|100%| E|CS|TAMS 0x0000000085b00000, 0x0000000085b00000| Complete 
|  92|0x0000000085c00000, 0x0000000085d00000, 0x0000000085d00000|100%| E|CS|TAMS 0x0000000085c00000, 0x0000000085c00000| Complete 
|  93|0x0000000085d00000, 0x0000000085e00000, 0x0000000085e00000|100%| E|CS|TAMS 0x0000000085d00000, 0x0000000085d00000| Complete 
|  94|0x0000000085e00000, 0x0000000085f00000, 0x0000000085f00000|100%| E|CS|TAMS 0x0000000085e00000, 0x0000000085e00000| Complete 
|  95|0x0000000085f00000, 0x0000000086000000, 0x0000000086000000|100%| E|CS|TAMS 0x0000000085f00000, 0x0000000085f00000| Complete 
| 159|0x0000000089f00000, 0x0000000089f56c90, 0x000000008a000000| 33%| S|CS|TAMS 0x0000000089f00000, 0x0000000089f00000| Complete 
| 160|0x000000008a000000, 0x000000008a100000, 0x000000008a100000|100%| S|CS|TAMS 0x000000008a000000, 0x000000008a000000| Complete 
| 161|0x000000008a100000, 0x000000008a200000, 0x000000008a200000|100%| S|CS|TAMS 0x000000008a100000, 0x000000008a100000| Complete 
| 162|0x000000008a200000, 0x000000008a300000, 0x000000008a300000|100%| S|CS|TAMS 0x000000008a200000, 0x000000008a200000| Complete 
| 163|0x000000008a300000, 0x000000008a400000, 0x000000008a400000|100%| S|CS|TAMS 0x000000008a300000, 0x000000008a300000| Complete 
| 164|0x000000008a400000, 0x000000008a500000, 0x000000008a500000|100%| S|CS|TAMS 0x000000008a400000, 0x000000008a400000| Complete 
| 165|0x000000008a500000, 0x000000008a600000, 0x000000008a600000|100%| S|CS|TAMS 0x000000008a500000, 0x000000008a500000| Complete 
| 194|0x000000008c200000, 0x000000008c300000, 0x000000008c300000|100%| E|CS|TAMS 0x000000008c200000, 0x000000008c200000| Complete 

Card table byte_map: [0x000002def3e80000,0x000002def4280000] _byte_map_base: 0x000002def3a80000

Marking Bits (Prev, Next): (CMBitMap*) 0x000002dedf006ca0, (CMBitMap*) 0x000002dedf006ce0
 Prev Bits: [0x000002def4680000, 0x000002def6680000)
 Next Bits: [0x000002def6680000, 0x000002def8680000)

Polling page: 0x000002dee3dd0000

Metaspace:

Usage:
  Non-class:     36.35 MB used.
      Class:      4.55 MB used.
       Both:     40.90 MB used.

Virtual space:
  Non-class space:       64.00 MB reserved,      36.69 MB ( 57%) committed,  1 nodes.
      Class space:        1.00 GB reserved,       4.81 MB ( <1%) committed,  1 nodes.
             Both:        1.06 GB reserved,      41.50 MB (  4%) committed. 

Chunk freelists:
   Non-Class:  10.86 MB
       Class:  11.03 MB
        Both:  21.89 MB

MaxMetaspaceSize: unlimited
CompressedClassSpaceSize: 1.00 GB
Initial GC threshold: 21.00 MB
Current GC threshold: 58.69 MB
CDS: off
MetaspaceReclaimPolicy: balanced
 - commit_granule_bytes: 65536.
 - commit_granule_words: 8192.
 - virtual_space_node_default_size: 8388608.
 - enlarge_chunks_in_place: 1.
 - new_chunks_are_fully_committed: 0.
 - uncommit_free_chunks: 1.
 - use_allocation_guard: 0.
 - handle_deallocations: 1.


Internal statistics:

num_allocs_failed_limit: 6.
num_arena_births: 634.
num_arena_deaths: 0.
num_vsnodes_births: 2.
num_vsnodes_deaths: 0.
num_space_committed: 664.
num_space_uncommitted: 0.
num_chunks_returned_to_freelist: 6.
num_chunks_taken_from_freelist: 1639.
num_chunk_merges: 6.
num_chunk_splits: 1112.
num_chunks_enlarged: 775.
num_inconsistent_stats: 0.

CodeHeap 'non-profiled nmethods': size=120000Kb used=1625Kb max_used=2257Kb free=118374Kb
 bounds [0x000002deeb8c0000, 0x000002deebb30000, 0x000002def2df0000]
CodeHeap 'profiled nmethods': size=120000Kb used=6734Kb max_used=8579Kb free=113266Kb
 bounds [0x000002dee3df0000, 0x000002dee4660000, 0x000002deeb320000]
CodeHeap 'non-nmethods': size=5760Kb used=2307Kb max_used=2364Kb free=3452Kb
 bounds [0x000002deeb320000, 0x000002deeb590000, 0x000002deeb8c0000]
 total_blobs=4745 nmethods=3922 adapters=734
 compilation: enabled
              stopped_count=0, restarted_count=0
 full_count=0

Compilation events (20 events):
Event: 12.152 Thread 0x000002de84072790 nmethod 4816 0x000002dee4002390 code [0x000002dee4002540, 0x000002dee4002728]
Event: 12.153 Thread 0x000002de84071cf0 nmethod 4789 0x000002deeb8f1e90 code [0x000002deeb8f2080, 0x000002deeb8f3208]
Event: 12.153 Thread 0x000002de84071cf0 4806       4       java.lang.StringLatin1::indexOf (36 bytes)
Event: 12.154 Thread 0x000002de84071cf0 nmethod 4806 0x000002deeb95a910 code [0x000002deeb95aa80, 0x000002deeb95ac18]
Event: 12.154 Thread 0x000002de84071cf0 4807       4       java.net.URLStreamHandler::parseURL (1201 bytes)
Event: 12.158 Thread 0x000002de84072790 4817       3       java.lang.invoke.VarHandleGuards::guard_LII_V (137 bytes)
Event: 12.161 Thread 0x000002de84072790 nmethod 4817 0x000002dee3f9e110 code [0x000002dee3f9e540, 0x000002dee3fa0df8]
Event: 12.161 Thread 0x000002de84072790 4822       3       com.google.common.base.Splitter$SplittingIterator::computeNext (279 bytes)
Event: 12.162 Thread 0x000002de84072790 nmethod 4822 0x000002dee40e7d10 code [0x000002dee40e8000, 0x000002dee40e92a8]
Event: 12.162 Thread 0x000002de84072790 4818       3       com.google.common.base.Splitter$1$1::separatorEnd (4 bytes)
Event: 12.162 Thread 0x000002de84072790 nmethod 4818 0x000002dee40bba10 code [0x000002dee40bbba0, 0x000002dee40bbcb8]
Event: 12.162 Thread 0x000002de84072790 4819       3       com.google.common.base.AbstractIterator::next (34 bytes)
Event: 12.163 Thread 0x000002de84072790 nmethod 4819 0x000002dee410bb10 code [0x000002dee410bce0, 0x000002dee410bfd8]
Event: 12.163 Thread 0x000002de84072790 4820       3       com.google.common.base.AbstractIterator::tryToComputeNext (36 bytes)
Event: 12.163 Thread 0x000002de84072790 nmethod 4820 0x000002dee4259190 code [0x000002dee4259360, 0x000002dee42597a8]
Event: 12.163 Thread 0x000002de84072790 4821       3       com.google.common.base.Splitter$SplittingIterator::computeNext (5 bytes)
Event: 12.163 Thread 0x000002de84072790 nmethod 4821 0x000002dee40a4590 code [0x000002dee40a4720, 0x000002dee40a48c8]
Event: 12.185 Thread 0x000002de84072790 4828       3       jdk.internal.org.objectweb.asm.Frame::addInitializedType (77 bytes)
Event: 12.185 Thread 0x000002de84072790 nmethod 4828 0x000002dee3e8c390 code [0x000002dee3e8c560, 0x000002dee3e8ca88]
Event: 12.185 Thread 0x000002de84072790 4829       3       jdk.internal.org.objectweb.asm.Frame::pop (53 bytes)

GC Heap History (20 events):
Event: 1.377 GC heap before
{Heap before GC invocations=0 (full 0):
 garbage-first heap   total 96256K, used 25600K [0x0000000080000000, 0x0000000100000000)
  region size 1024K, 23 young (23552K), 0 survivors (0K)
 Metaspace       used 7161K, committed 7296K, reserved 1114112K
  class space    used 561K, committed 640K, reserved 1048576K
}
Event: 1.388 GC heap after
{Heap after GC invocations=1 (full 0):
 garbage-first heap   total 96256K, used 13286K [0x0000000080000000, 0x0000000100000000)
  region size 1024K, 3 young (3072K), 3 survivors (3072K)
 Metaspace       used 7161K, committed 7296K, reserved 1114112K
  class space    used 561K, committed 640K, reserved 1048576K
}
Event: 2.950 GC heap before
{Heap before GC invocations=1 (full 0):
 garbage-first heap   total 96256K, used 33766K [0x0000000080000000, 0x0000000100000000)
  region size 1024K, 24 young (24576K), 3 survivors (3072K)
 Metaspace       used 12570K, committed 12800K, reserved 1114112K
  class space    used 1135K, committed 1280K, reserved 1048576K
}
Event: 2.955 GC heap after
{Heap after GC invocations=2 (full 0):
 garbage-first heap   total 96256K, used 15130K [0x0000000080000000, 0x0000000100000000)
  region size 1024K, 2 young (2048K), 2 survivors (2048K)
 Metaspace       used 12570K, committed 12800K, reserved 1114112K
  class space    used 1135K, committed 1280K, reserved 1048576K
}
Event: 3.718 GC heap before
{Heap before GC invocations=2 (full 0):
 garbage-first heap   total 96256K, used 45850K [0x0000000080000000, 0x0000000100000000)
  region size 1024K, 33 young (33792K), 2 survivors (2048K)
 Metaspace       used 16576K, committed 16832K, reserved 1114112K
  class space    used 1513K, committed 1664K, reserved 1048576K
}
Event: 3.726 GC heap after
{Heap after GC invocations=3 (full 0):
 garbage-first heap   total 96256K, used 18074K [0x0000000080000000, 0x0000000100000000)
  region size 1024K, 5 young (5120K), 5 survivors (5120K)
 Metaspace       used 16576K, committed 16832K, reserved 1114112K
  class space    used 1513K, committed 1664K, reserved 1048576K
}
Event: 4.389 GC heap before
{Heap before GC invocations=3 (full 0):
 garbage-first heap   total 96256K, used 61082K [0x0000000080000000, 0x0000000100000000)
  region size 1024K, 47 young (48128K), 5 survivors (5120K)
 Metaspace       used 20298K, committed 20544K, reserved 1114112K
  class space    used 2091K, committed 2240K, reserved 1048576K
}
Event: 4.400 GC heap after
{Heap after GC invocations=4 (full 0):
 garbage-first heap   total 96256K, used 19450K [0x0000000080000000, 0x0000000100000000)
  region size 1024K, 5 young (5120K), 5 survivors (5120K)
 Metaspace       used 20298K, committed 20544K, reserved 1114112K
  class space    used 2091K, committed 2240K, reserved 1048576K
}
Event: 4.710 GC heap before
{Heap before GC invocations=4 (full 0):
 garbage-first heap   total 96256K, used 50170K [0x0000000080000000, 0x0000000100000000)
  region size 1024K, 36 young (36864K), 5 survivors (5120K)
 Metaspace       used 21303K, committed 21504K, reserved 1114112K
  class space    used 2192K, committed 2304K, reserved 1048576K
}
Event: 4.718 GC heap after
{Heap after GC invocations=5 (full 0):
 garbage-first heap   total 96256K, used 19997K [0x0000000080000000, 0x0000000100000000)
  region size 1024K, 3 young (3072K), 3 survivors (3072K)
 Metaspace       used 21303K, committed 21504K, reserved 1114112K
  class space    used 2192K, committed 2304K, reserved 1048576K
}
Event: 6.253 GC heap before
{Heap before GC invocations=6 (full 0):
 garbage-first heap   total 75776K, used 61981K [0x0000000080000000, 0x0000000100000000)
  region size 1024K, 44 young (45056K), 3 survivors (3072K)
 Metaspace       used 29505K, committed 29824K, reserved 1114112K
  class space    used 3127K, committed 3264K, reserved 1048576K
}
Event: 6.267 GC heap after
{Heap after GC invocations=7 (full 0):
 garbage-first heap   total 75776K, used 23408K [0x0000000080000000, 0x0000000100000000)
  region size 1024K, 6 young (6144K), 6 survivors (6144K)
 Metaspace       used 29505K, committed 29824K, reserved 1114112K
  class space    used 3127K, committed 3264K, reserved 1048576K
}
Event: 6.269 GC heap before
{Heap before GC invocations=7 (full 0):
 garbage-first heap   total 75776K, used 24432K [0x0000000080000000, 0x0000000100000000)
  region size 1024K, 7 young (7168K), 6 survivors (6144K)
 Metaspace       used 29506K, committed 29824K, reserved 1114112K
  class space    used 3127K, committed 3264K, reserved 1048576K
}
Event: 6.280 GC heap after
{Heap after GC invocations=8 (full 0):
 garbage-first heap   total 75776K, used 23808K [0x0000000080000000, 0x0000000100000000)
  region size 1024K, 1 young (1024K), 1 survivors (1024K)
 Metaspace       used 29506K, committed 29824K, reserved 1114112K
  class space    used 3127K, committed 3264K, reserved 1048576K
}
Event: 6.415 GC heap before
{Heap before GC invocations=8 (full 0):
 garbage-first heap   total 75776K, used 56576K [0x0000000080000000, 0x0000000100000000)
  region size 1024K, 30 young (30720K), 1 survivors (1024K)
 Metaspace       used 30623K, committed 30976K, reserved 1114112K
  class space    used 3202K, committed 3392K, reserved 1048576K
}
Event: 6.418 GC heap after
{Heap after GC invocations=9 (full 0):
 garbage-first heap   total 199680K, used 23808K [0x0000000080000000, 0x0000000100000000)
  region size 1024K, 1 young (1024K), 1 survivors (1024K)
 Metaspace       used 30623K, committed 30976K, reserved 1114112K
  class space    used 3202K, committed 3392K, reserved 1048576K
}
Event: 7.491 GC heap before
{Heap before GC invocations=9 (full 0):
 garbage-first heap   total 199680K, used 142592K [0x0000000080000000, 0x0000000100000000)
  region size 1024K, 117 young (119808K), 1 survivors (1024K)
 Metaspace       used 33454K, committed 33984K, reserved 1114112K
  class space    used 3508K, committed 3776K, reserved 1048576K
}
Event: 7.497 GC heap after
{Heap after GC invocations=10 (full 0):
 garbage-first heap   total 199680K, used 27847K [0x0000000080000000, 0x0000000100000000)
  region size 1024K, 5 young (5120K), 5 survivors (5120K)
 Metaspace       used 33454K, committed 33984K, reserved 1114112K
  class space    used 3508K, committed 3776K, reserved 1048576K
}
Event: 7.980 GC heap before
{Heap before GC invocations=10 (full 0):
 garbage-first heap   total 199680K, used 56519K [0x0000000080000000, 0x0000000100000000)
  region size 1024K, 34 young (34816K), 5 survivors (5120K)
 Metaspace       used 35464K, committed 35968K, reserved 1114112K
  class space    used 3789K, committed 4032K, reserved 1048576K
}
Event: 7.986 GC heap after
{Heap after GC invocations=11 (full 0):
 garbage-first heap   total 199680K, used 29810K [0x0000000080000000, 0x0000000100000000)
  region size 1024K, 7 young (7168K), 7 survivors (7168K)
 Metaspace       used 35464K, committed 35968K, reserved 1114112K
  class space    used 3789K, committed 4032K, reserved 1048576K
}

Dll operation events (7 events):
Event: 0.018 Loaded shared library C:\Users\merie\.katalon\packages\Katalon_Studio_Windows_64-9.0.0.beta\Katalon_Studio_Windows_64-9.0.0.beta\jre\bin\java.dll
Event: 0.363 Loaded shared library C:\Users\merie\.katalon\packages\Katalon_Studio_Windows_64-9.0.0.beta\Katalon_Studio_Windows_64-9.0.0.beta\jre\bin\net.dll
Event: 0.368 Loaded shared library C:\Users\merie\.katalon\packages\Katalon_Studio_Windows_64-9.0.0.beta\Katalon_Studio_Windows_64-9.0.0.beta\jre\bin\nio.dll
Event: 0.376 Loaded shared library C:\Users\merie\.katalon\packages\Katalon_Studio_Windows_64-9.0.0.beta\Katalon_Studio_Windows_64-9.0.0.beta\jre\bin\zip.dll
Event: 1.398 Loaded shared library C:\Users\merie\.katalon\packages\Katalon_Studio_Windows_64-9.0.0.beta\Katalon_Studio_Windows_64-9.0.0.beta\jre\bin\verify.dll
Event: 1.933 Loaded shared library C:\Users\merie\.katalon\packages\Katalon_Studio_Windows_64-9.0.0.beta\Katalon_Studio_Windows_64-9.0.0.beta\jre\bin\jimage.dll
Event: 8.322 Loaded shared library C:\Users\merie\.katalon\packages\Katalon_Studio_Windows_64-9.0.0.beta\Katalon_Studio_Windows_64-9.0.0.beta\jre\bin\sunmscapi.dll

Deoptimization events (20 events):
Event: 9.143 Thread 0x000002dedefa9750 DEOPT PACKING pc=0x000002deeba5f5d0 sp=0x000000f76fafbb30
Event: 9.143 Thread 0x000002dedefa9750 DEOPT UNPACKING pc=0x000002deeb3769a3 sp=0x000000f76fafba80 mode 2
Event: 9.146 Thread 0x000002dedefa9750 Uncommon trap: trap_request=0xffffff45 fr.pc=0x000002deebad9704 relative=0x0000000000000104
Event: 9.146 Thread 0x000002dedefa9750 Uncommon trap: reason=unstable_if action=reinterpret pc=0x000002deebad9704 method=java.util.stream.AbstractPipeline.sourceSpliterator(I)Ljava/util/Spliterator; @ 82 c2
Event: 9.146 Thread 0x000002dedefa9750 DEOPT PACKING pc=0x000002deebad9704 sp=0x000000f76fafbaa0
Event: 9.146 Thread 0x000002dedefa9750 DEOPT UNPACKING pc=0x000002deeb3769a3 sp=0x000000f76fafba20 mode 2
Event: 9.152 Thread 0x000002dedefa9750 Uncommon trap: trap_request=0xffffffde fr.pc=0x000002deeba5f5d0 relative=0x0000000000000230
Event: 9.152 Thread 0x000002dedefa9750 Uncommon trap: reason=class_check action=maybe_recompile pc=0x000002deeba5f5d0 method=java.util.stream.StreamOpFlag.fromCharacteristics(Ljava/util/Spliterator;)I @ 14 c2
Event: 9.152 Thread 0x000002dedefa9750 DEOPT PACKING pc=0x000002deeba5f5d0 sp=0x000000f76fafbb50
Event: 9.152 Thread 0x000002dedefa9750 DEOPT UNPACKING pc=0x000002deeb3769a3 sp=0x000000f76fafba90 mode 2
Event: 9.153 Thread 0x000002dedefa9750 Uncommon trap: trap_request=0xffffffde fr.pc=0x000002deeba5f5d0 relative=0x0000000000000230
Event: 9.153 Thread 0x000002dedefa9750 Uncommon trap: reason=class_check action=maybe_recompile pc=0x000002deeba5f5d0 method=java.util.stream.StreamOpFlag.fromCharacteristics(Ljava/util/Spliterator;)I @ 14 c2
Event: 9.153 Thread 0x000002dedefa9750 DEOPT PACKING pc=0x000002deeba5f5d0 sp=0x000000f76fafbb30
Event: 9.153 Thread 0x000002dedefa9750 DEOPT UNPACKING pc=0x000002deeb3769a3 sp=0x000000f76fafba80 mode 2
Event: 9.155 Thread 0x000002dedefa9750 Uncommon trap: trap_request=0xffffffde fr.pc=0x000002deeba5f5d0 relative=0x0000000000000230
Event: 9.155 Thread 0x000002dedefa9750 Uncommon trap: reason=class_check action=maybe_recompile pc=0x000002deeba5f5d0 method=java.util.stream.StreamOpFlag.fromCharacteristics(Ljava/util/Spliterator;)I @ 14 c2
Event: 9.155 Thread 0x000002dedefa9750 DEOPT PACKING pc=0x000002deeba5f5d0 sp=0x000000f76fafbb20
Event: 9.155 Thread 0x000002dedefa9750 DEOPT UNPACKING pc=0x000002deeb3769a3 sp=0x000000f76fafba70 mode 2
Event: 12.182 Thread 0x000002dedefa9750 DEOPT PACKING pc=0x000002dee4365092 sp=0x000000f76fafb1d0
Event: 12.182 Thread 0x000002dedefa9750 DEOPT UNPACKING pc=0x000002deeb377143 sp=0x000000f76fafa6e0 mode 0

Classes unloaded (0 events):
No events

Classes redefined (0 events):
No events

Internal exceptions (20 events):
Event: 8.801 Thread 0x000002de84d67030 Exception <a 'java/net/SocketException'{0x0000000084e8c4a0}: Socket is not connected: shutdown> (0x0000000084e8c4a0) 
thrown [s\src\hotspot\share\prims\jni.cpp, line 535]
Event: 8.808 Thread 0x000002de86315020 Exception <a 'java/lang/NoSuchMethodError'{0x0000000084e1b378}: 'void java.lang.invoke.DirectMethodHandle$Holder.invokeStatic(java.lang.Object, long)'> (0x0000000084e1b378) 
thrown [s\src\hotspot\share\interpreter\linkResolver.cpp, line 759]
Event: 8.808 Thread 0x000002de86315020 Exception <a 'java/lang/NoSuchMethodError'{0x0000000084e20720}: 'java.lang.Object java.lang.invoke.DirectMethodHandle$Holder.newInvokeSpecial(java.lang.Object, long)'> (0x0000000084e20720) 
thrown [s\src\hotspot\share\interpreter\linkResolver.cpp, line 759]
Event: 8.810 Thread 0x000002de86315020 Exception <a 'java/lang/NoSuchMethodError'{0x0000000084e271c8}: 'java.lang.Object java.lang.invoke.DirectMethodHandle$Holder.invokeStatic(java.lang.Object, java.lang.Object, long, java.lang.Object)'> (0x0000000084e271c8) 
thrown [s\src\hotspot\share\interpreter\linkResolver.cpp, line 759]
Event: 8.810 Thread 0x000002de86315020 Exception <a 'java/lang/NoSuchMethodError'{0x0000000084e2a9b8}: 'java.lang.Object java.lang.invoke.DirectMethodHandle$Holder.invokeStaticInit(java.lang.Object, java.lang.Object, long, java.lang.Object)'> (0x0000000084e2a9b8) 
thrown [s\src\hotspot\share\interpreter\linkResolver.cpp, line 759]
Event: 8.811 Thread 0x000002de86315020 Exception <a 'java/lang/NoSuchMethodError'{0x0000000084e30a40}: 'java.lang.Object java.lang.invoke.DirectMethodHandle$Holder.newInvokeSpecial(java.lang.Object, java.lang.Object, long)'> (0x0000000084e30a40) 
thrown [s\src\hotspot\share\interpreter\linkResolver.cpp, line 759]
Event: 8.812 Thread 0x000002de86315020 Exception <a 'java/lang/NoSuchMethodError'{0x0000000084e345b0}: 'java.lang.Object java.lang.invoke.Invokers$Holder.linkToTargetMethod(java.lang.Object, long, java.lang.Object)'> (0x0000000084e345b0) 
thrown [s\src\hotspot\share\interpreter\linkResolver.cpp, line 759]
Event: 8.813 Thread 0x000002de84d67030 Exception <a 'java/net/ConnectException'{0x0000000084e8d508}: Connection refused: no further information> (0x0000000084e8d508) 
thrown [s\src\hotspot\share\prims\jni.cpp, line 535]
Event: 8.813 Thread 0x000002de84d67030 Exception <a 'java/net/SocketException'{0x0000000084e8d840}: Socket is not connected: shutdown> (0x0000000084e8d840) 
thrown [s\src\hotspot\share\prims\jni.cpp, line 535]
Event: 8.843 Thread 0x000002de84d67030 Exception <a 'java/net/ConnectException'{0x0000000084e8e7d8}: Connection refused: no further information> (0x0000000084e8e7d8) 
thrown [s\src\hotspot\share\prims\jni.cpp, line 535]
Event: 8.843 Thread 0x000002de84d67030 Exception <a 'java/net/SocketException'{0x0000000084e8eb10}: Socket is not connected: shutdown> (0x0000000084e8eb10) 
thrown [s\src\hotspot\share\prims\jni.cpp, line 535]
Event: 8.890 Thread 0x000002de84d67030 Exception <a 'java/net/ConnectException'{0x0000000084e8faa8}: Connection refused: no further information> (0x0000000084e8faa8) 
thrown [s\src\hotspot\share\prims\jni.cpp, line 535]
Event: 8.890 Thread 0x000002de84d67030 Exception <a 'java/net/SocketException'{0x0000000084e8fde0}: Socket is not connected: shutdown> (0x0000000084e8fde0) 
thrown [s\src\hotspot\share\prims\jni.cpp, line 535]
Event: 9.017 Thread 0x000002dedefa9750 Exception <a 'java/lang/IncompatibleClassChangeError'{0x0000000084deb0c8}: Found class java.lang.Object, but interface was expected> (0x0000000084deb0c8) 
thrown [s\src\hotspot\share\interpreter\linkResolver.cpp, line 826]
Event: 9.018 Thread 0x000002dedefa9750 Exception <a 'java/lang/NoSuchMethodError'{0x0000000084df1a00}: 'int java.lang.invoke.DirectMethodHandle$Holder.invokeSpecialIFC(java.lang.Object, java.lang.Object, java.lang.Object, java.lang.Object)'> (0x0000000084df1a00) 
thrown [s\src\hotspot\share\interpreter\linkResolver.cpp, line 759]
Event: 9.035 Thread 0x000002dedefa9750 Exception <a 'java/lang/NoSuchMethodError'{0x0000000084c84030}: 'double java.lang.invoke.DirectMethodHandle$Holder.invokeVirtual(java.lang.Object, java.lang.Object)'> (0x0000000084c84030) 
thrown [s\src\hotspot\share\interpreter\linkResolver.cpp, line 759]
Event: 9.036 Thread 0x000002dedefa9750 Exception <a 'java/lang/NoSuchMethodError'{0x0000000084c8aa58}: 'float java.lang.invoke.DirectMethodHandle$Holder.invokeVirtual(java.lang.Object, java.lang.Object)'> (0x0000000084c8aa58) 
thrown [s\src\hotspot\share\interpreter\linkResolver.cpp, line 759]
Event: 9.037 Thread 0x000002dedefa9750 Exception <a 'java/lang/NoSuchMethodError'{0x0000000084c93cc0}: 'long java.lang.invoke.DirectMethodHandle$Holder.invokeVirtual(java.lang.Object, java.lang.Object)'> (0x0000000084c93cc0) 
thrown [s\src\hotspot\share\interpreter\linkResolver.cpp, line 759]
Event: 9.151 Thread 0x000002dedefa9750 Exception <a 'java/lang/NoSuchMethodError'{0x00000000847848a8}: 'void java.lang.invoke.DirectMethodHandle$Holder.invokeInterface(java.lang.Object, java.lang.Object, java.lang.Object)'> (0x00000000847848a8) 
thrown [s\src\hotspot\share\interpreter\linkResolver.cpp, line 759]
Event: 12.119 Thread 0x000002dedefa9750 Exception <a 'java/lang/NoSuchMethodError'{0x0000000083e77d90}: 'java.lang.Object java.lang.invoke.DirectMethodHandle$Holder.invokeSpecialIFC(java.lang.Object, java.lang.Object, java.lang.Object)'> (0x0000000083e77d90) 
thrown [s\src\hotspot\share\interpreter\linkResolver.cpp, line 759]

VM Operations (20 events):
Event: 8.989 Executing VM operation: HandshakeAllThreads
Event: 8.989 Executing VM operation: HandshakeAllThreads done
Event: 8.990 Executing VM operation: HandshakeAllThreads
Event: 8.990 Executing VM operation: HandshakeAllThreads done
Event: 8.990 Executing VM operation: HandshakeAllThreads
Event: 8.990 Executing VM operation: HandshakeAllThreads done
Event: 8.994 Executing VM operation: HandshakeAllThreads
Event: 8.994 Executing VM operation: HandshakeAllThreads done
Event: 9.007 Executing VM operation: HandshakeAllThreads
Event: 9.007 Executing VM operation: HandshakeAllThreads done
Event: 9.007 Executing VM operation: Cleanup
Event: 9.007 Executing VM operation: Cleanup done
Event: 9.036 Executing VM operation: HandshakeAllThreads
Event: 9.036 Executing VM operation: HandshakeAllThreads done
Event: 10.050 Executing VM operation: Cleanup
Event: 10.050 Executing VM operation: Cleanup done
Event: 12.184 Executing VM operation: HandshakeAllThreads
Event: 12.184 Executing VM operation: HandshakeAllThreads done
Event: 12.184 Executing VM operation: Cleanup
Event: 12.184 Executing VM operation: Cleanup done

Events (20 events):
Event: 9.268 loading class jdk/internal/icu/impl/Trie2_16
Event: 9.268 loading class jdk/internal/icu/impl/Trie2
Event: 9.268 loading class jdk/internal/icu/impl/Trie2 done
Event: 9.268 loading class jdk/internal/icu/impl/Trie2_16 done
Event: 9.268 loading class jdk/internal/icu/impl/Trie2$1
Event: 9.268 loading class jdk/internal/icu/impl/Trie2$ValueMapper
Event: 9.268 loading class jdk/internal/icu/impl/Trie2$ValueMapper done
Event: 9.268 loading class jdk/internal/icu/impl/Trie2$1 done
Event: 9.268 loading class jdk/internal/icu/impl/Trie2$UTrie2Header
Event: 9.268 loading class jdk/internal/icu/impl/Trie2$UTrie2Header done
Event: 9.294 loading class java/net/ProtocolException
Event: 9.294 loading class java/net/ProtocolException done
Event: 9.294 loading class java/net/HttpRetryException
Event: 9.294 loading class java/net/HttpRetryException done
Event: 9.315 loading class java/net/UnknownServiceException
Event: 9.315 loading class java/net/UnknownServiceException done
Event: 9.331 Thread 0x000002de85e990a0 Thread added: 0x000002de85e990a0
Event: 9.338 Thread 0x000002de85e99570 Thread added: 0x000002de85e99570
Event: 12.158 loading class java/util/UUID$Holder
Event: 12.158 loading class java/util/UUID$Holder done


Dynamic libraries:
0x00007ff6d9f00000 - 0x00007ff6d9f0e000 	C:\Users\merie\.katalon\packages\Katalon_Studio_Windows_64-9.0.0.beta\Katalon_Studio_Windows_64-9.0.0.beta\jre\bin\javaw.exe
0x00007ffa2a6f0000 - 0x00007ffa2a904000 	C:\WINDOWS\SYSTEM32\ntdll.dll
0x00007ffa2a300000 - 0x00007ffa2a3c4000 	C:\WINDOWS\System32\KERNEL32.DLL
0x00007ffa27bb0000 - 0x00007ffa27f54000 	C:\WINDOWS\System32\KERNELBASE.dll
0x00007ffa281f0000 - 0x00007ffa28301000 	C:\WINDOWS\System32\ucrtbase.dll
0x00007ffa03940000 - 0x00007ffa03957000 	C:\Users\merie\.katalon\packages\Katalon_Studio_Windows_64-9.0.0.beta\Katalon_Studio_Windows_64-9.0.0.beta\jre\bin\jli.dll
0x00007ffa291d0000 - 0x00007ffa2937e000 	C:\WINDOWS\System32\USER32.dll
0x00007ffa281c0000 - 0x00007ffa281e6000 	C:\WINDOWS\System32\win32u.dll
0x00007ffa0be90000 - 0x00007ffa0c123000 	C:\WINDOWS\WinSxS\amd64_microsoft.windows.common-controls_6595b64144ccf1df_6.0.22621.2215_none_270d72677387dfc3\COMCTL32.dll
0x00007ffa28f30000 - 0x00007ffa28f59000 	C:\WINDOWS\System32\GDI32.dll
0x00007ffa29120000 - 0x00007ffa291c7000 	C:\WINDOWS\System32\msvcrt.dll
0x00007ffa038e0000 - 0x00007ffa038f9000 	C:\Users\merie\.katalon\packages\Katalon_Studio_Windows_64-9.0.0.beta\Katalon_Studio_Windows_64-9.0.0.beta\jre\bin\VCRUNTIME140.dll
0x00007ffa27fe0000 - 0x00007ffa280f8000 	C:\WINDOWS\System32\gdi32full.dll
0x00007ffa27b10000 - 0x00007ffa27baa000 	C:\WINDOWS\System32\msvcp_win.dll
0x00007ffa2a250000 - 0x00007ffa2a281000 	C:\WINDOWS\System32\IMM32.DLL
0x00007ffa05290000 - 0x00007ffa0529c000 	C:\Users\merie\.katalon\packages\Katalon_Studio_Windows_64-9.0.0.beta\Katalon_Studio_Windows_64-9.0.0.beta\jre\bin\vcruntime140_1.dll
0x00007ff9edb60000 - 0x00007ff9edbf1000 	C:\Users\merie\.katalon\packages\Katalon_Studio_Windows_64-9.0.0.beta\Katalon_Studio_Windows_64-9.0.0.beta\jre\bin\msvcp140.dll
0x00007ff95ba00000 - 0x00007ff95c648000 	C:\Users\merie\.katalon\packages\Katalon_Studio_Windows_64-9.0.0.beta\Katalon_Studio_Windows_64-9.0.0.beta\jre\bin\server\jvm.dll
0x00007ffa28e80000 - 0x00007ffa28f30000 	C:\WINDOWS\System32\ADVAPI32.dll
0x00007ffa29060000 - 0x00007ffa29106000 	C:\WINDOWS\System32\sechost.dll
0x00007ffa2a590000 - 0x00007ffa2a6a7000 	C:\WINDOWS\System32\RPCRT4.dll
0x00007ffa215f0000 - 0x00007ffa215f9000 	C:\WINDOWS\SYSTEM32\WSOCK32.dll
0x00007ffa21580000 - 0x00007ffa215b4000 	C:\WINDOWS\SYSTEM32\WINMM.dll
0x00007ffa21570000 - 0x00007ffa2157a000 	C:\WINDOWS\SYSTEM32\VERSION.dll
0x00007ffa2a0d0000 - 0x00007ffa2a141000 	C:\WINDOWS\System32\WS2_32.dll
0x00007ffa26ad0000 - 0x00007ffa26ae8000 	C:\WINDOWS\SYSTEM32\kernel.appcore.dll
0x00007ffa202a0000 - 0x00007ffa202aa000 	C:\Users\merie\.katalon\packages\Katalon_Studio_Windows_64-9.0.0.beta\Katalon_Studio_Windows_64-9.0.0.beta\jre\bin\jimage.dll
0x00007ffa254f0000 - 0x00007ffa2571e000 	C:\WINDOWS\SYSTEM32\DBGHELP.DLL
0x00007ffa28930000 - 0x00007ffa28cba000 	C:\WINDOWS\System32\combase.dll
0x00007ffa28820000 - 0x00007ffa288f7000 	C:\WINDOWS\System32\OLEAUT32.dll
0x00007ffa16e80000 - 0x00007ffa16eb2000 	C:\WINDOWS\SYSTEM32\dbgcore.DLL
0x00007ffa27f60000 - 0x00007ffa27fda000 	C:\WINDOWS\System32\bcryptPrimitives.dll
0x00007ffa187b0000 - 0x00007ffa187d5000 	C:\Users\merie\.katalon\packages\Katalon_Studio_Windows_64-9.0.0.beta\Katalon_Studio_Windows_64-9.0.0.beta\jre\bin\java.dll
0x00007ffa17190000 - 0x00007ffa171a8000 	C:\Users\merie\.katalon\packages\Katalon_Studio_Windows_64-9.0.0.beta\Katalon_Studio_Windows_64-9.0.0.beta\jre\bin\zip.dll
0x00007ffa29400000 - 0x00007ffa29c23000 	C:\WINDOWS\System32\SHELL32.dll
0x00007ffa259e0000 - 0x00007ffa262ca000 	C:\WINDOWS\SYSTEM32\windows.storage.dll
0x00007ffa258a0000 - 0x00007ffa259de000 	C:\WINDOWS\SYSTEM32\wintypes.dll
0x00007ffa2a150000 - 0x00007ffa2a243000 	C:\WINDOWS\System32\SHCORE.dll
0x00007ffa2a4b0000 - 0x00007ffa2a50e000 	C:\WINDOWS\System32\shlwapi.dll
0x00007ffa279d0000 - 0x00007ffa279f6000 	C:\WINDOWS\SYSTEM32\profapi.dll
0x00007ffa0c570000 - 0x00007ffa0c589000 	C:\Users\merie\.katalon\packages\Katalon_Studio_Windows_64-9.0.0.beta\Katalon_Studio_Windows_64-9.0.0.beta\jre\bin\net.dll
0x00007ffa20150000 - 0x00007ffa20287000 	C:\WINDOWS\SYSTEM32\WINHTTP.dll
0x00007ffa26f70000 - 0x00007ffa26fd9000 	C:\WINDOWS\system32\mswsock.dll
0x00007ffa0a650000 - 0x00007ffa0a665000 	C:\Users\merie\.katalon\packages\Katalon_Studio_Windows_64-9.0.0.beta\Katalon_Studio_Windows_64-9.0.0.beta\jre\bin\nio.dll
0x00007ffa20290000 - 0x00007ffa202a0000 	C:\Users\merie\.katalon\packages\Katalon_Studio_Windows_64-9.0.0.beta\Katalon_Studio_Windows_64-9.0.0.beta\jre\bin\verify.dll
0x00007ffa265a0000 - 0x00007ffa26692000 	C:\WINDOWS\SYSTEM32\DNSAPI.dll
0x00007ffa26570000 - 0x00007ffa2659d000 	C:\WINDOWS\SYSTEM32\IPHLPAPI.DLL
0x00007ffa29110000 - 0x00007ffa29119000 	C:\WINDOWS\System32\NSI.dll
0x00007ffa19840000 - 0x00007ffa1984a000 	C:\Windows\System32\rasadhlp.dll
0x00007ffa1eea0000 - 0x00007ffa1ef24000 	C:\WINDOWS\System32\fwpuclnt.dll
0x00007ffa19520000 - 0x00007ffa1952e000 	C:\Users\merie\.katalon\packages\Katalon_Studio_Windows_64-9.0.0.beta\Katalon_Studio_Windows_64-9.0.0.beta\jre\bin\sunmscapi.dll
0x00007ffa28310000 - 0x00007ffa28476000 	C:\WINDOWS\System32\CRYPT32.dll
0x00007ffa273d0000 - 0x00007ffa273fe000 	C:\WINDOWS\SYSTEM32\ncrypt.dll
0x00007ffa27390000 - 0x00007ffa273c7000 	C:\WINDOWS\SYSTEM32\NTASN1.dll
0x00007ffa27230000 - 0x00007ffa2724b000 	C:\WINDOWS\SYSTEM32\CRYPTSP.dll
0x00007ffa26a40000 - 0x00007ffa26a75000 	C:\WINDOWS\system32\rsaenh.dll
0x00007ffa270d0000 - 0x00007ffa270fc000 	C:\WINDOWS\SYSTEM32\USERENV.dll
0x00007ffa27420000 - 0x00007ffa27448000 	C:\WINDOWS\SYSTEM32\bcrypt.dll
0x00007ffa27250000 - 0x00007ffa2725c000 	C:\WINDOWS\SYSTEM32\CRYPTBASE.dll
0x00007ffa20130000 - 0x00007ffa20149000 	C:\WINDOWS\SYSTEM32\dhcpcsvc6.DLL
0x00007ffa20110000 - 0x00007ffa2012f000 	C:\WINDOWS\SYSTEM32\dhcpcsvc.DLL

dbghelp: loaded successfully - version: 4.0.5 - missing functions: none
symbol engine: initialized successfully - sym options: 0x614 - pdb path: .;C:\Users\merie\.katalon\packages\Katalon_Studio_Windows_64-9.0.0.beta\Katalon_Studio_Windows_64-9.0.0.beta\jre\bin;C:\WINDOWS\SYSTEM32;C:\WINDOWS\WinSxS\amd64_microsoft.windows.common-controls_6595b64144ccf1df_6.0.22621.2215_none_270d72677387dfc3;C:\Users\merie\.katalon\packages\Katalon_Studio_Windows_64-9.0.0.beta\Katalon_Studio_Windows_64-9.0.0.beta\jre\bin\server

VM Arguments:
jvm_args: -Dgroovy.home=C:\Users\merie/.groovy -Djava.system.class.loader=groovy.lang.GroovyClassLoader -Xmx2048m -Dfile.encoding=UTF-8 -XX:+ShowCodeDetailsInExceptionMessages 
java_command: org.codehaus.groovy.tools.GroovyStarter --classpath C:\Users\merie\Katalon Studio\WeatherShopperKatalon\bin\keyword;C:\Users\merie\Katalon Studio\WeatherShopperKatalon\Keywords;C:\Users\merie\Katalon Studio\WeatherShopperKatalon\bin\listener;C:\Users\merie\Katalon Studio\WeatherShopperKatalon\Test Listeners;C:\Users\merie\Katalon Studio\WeatherShopperKatalon\bin\lib;C:\Users\merie\Katalon Studio\WeatherShopperKatalon\Libs;C:\Users\merie\Katalon Studio\WeatherShopperKatalon\bin\groovy;C:\Users\merie\Katalon Studio\WeatherShopperKatalon\Include\scripts\groovy;C:\Users\merie\.katalon\packages\Katalon_Studio_Windows_64-9.0.0.beta\Katalon_Studio_Windows_64-9.0.0.beta\plugins\com.kms.katalon.core_1.0.0.202309130356.jar;C:\Users\merie\.katalon\packages\Katalon_Studio_Windows_64-9.0.0.beta\Katalon_Studio_Windows_64-9.0.0.beta\configuration\resources\lib\aalto-xml-1.0.0.jar;C:\Users\merie\.katalon\packages\Katalon_Studio_Windows_64-9.0.0.beta\Katalon_Studio_Windows_64-9.0.0.beta\configuration\resources\lib\aspectjweaver-1.9.1.jar;C:\Users\merie\.katalon\packages\Katalon_Studio_Windows_64-9.0.0.beta\Katalon_Studio_Windows_64-9.0.0.beta\configuration\resources\lib\bcpkix-jdk15on-1.64.jar;C:\Users\merie\.katalon\packages\Katalon_Studio_Windows_64-9.0.0.beta\Katalon_Studio_Windows_64-9.0.0.beta\configuration\resources\lib\bcprov-jdk15on-1.64.jar;C:\Users\merie\.katalon\packages\Katalon_Studio_Windows_64-9.0.0.beta\Katalon_Studio_Windows_64-9.0.0.beta\configuration\resources\lib\browsermob-core-2.1.5.jar;C:\Users\merie\.katalon\packages\Katalon_Studio_Windows_64-9.0.0.beta\Katalon_Studio_Windows_64-9.0.0.beta\configuration\resources\lib\cglib-3.2.10.jar;C:\Users\merie\.katalon\packages\Katalon_Studio_Windows_64-9.0.0.beta\Katalon_Studio_Windows_64-9.0.0.beta\configuration\resources\lib\commons-codec-1.10.jar;C:\Users\merie\.katalon\packages\Katalon_Studio_Windows_64-9.0.0.beta\Katalon_Studio_Windows_64-9.0.0.beta\configuration\resources\lib\commons-collections4-4.
java_class_path (initial): C:\Users\merie\Katalon Studio\WeatherShopperKatalon\bin\keyword;C:\Users\merie\Katalon Studio\WeatherShopperKatalon\bin\listener;C:\Users\merie\Katalon Studio\WeatherShopperKatalon\bin\lib;C:\Users\merie\Katalon Studio\WeatherShopperKatalon\bin\groovy;C:\Users\merie\Katalon Studio\WeatherShopperKatalon\bin;C:\Users\merie\.katalon\packages\Katalon_Studio_Windows_64-9.0.0.beta\Katalon_Studio_Windows_64-9.0.0.beta\plugins\com.kms.katalon.core_1.0.0.202309130356.jar;C:\Users\merie\.katalon\packages\Katalon_Studio_Windows_64-9.0.0.beta\Katalon_Studio_Windows_64-9.0.0.beta\configuration\resources\lib\aalto-xml-1.0.0.jar;C:\Users\merie\.katalon\packages\Katalon_Studio_Windows_64-9.0.0.beta\Katalon_Studio_Windows_64-9.0.0.beta\configuration\resources\lib\aspectjweaver-1.9.1.jar;C:\Users\merie\.katalon\packages\Katalon_Studio_Windows_64-9.0.0.beta\Katalon_Studio_Windows_64-9.0.0.beta\configuration\resources\lib\bcpkix-jdk15on-1.64.jar;C:\Users\merie\.katalon\packages\Katalon_Studio_Windows_64-9.0.0.beta\Katalon_Studio_Windows_64-9.0.0.beta\configuration\resources\lib\bcprov-jdk15on-1.64.jar;C:\Users\merie\.katalon\packages\Katalon_Studio_Windows_64-9.0.0.beta\Katalon_Studio_Windows_64-9.0.0.beta\configuration\resources\lib\browsermob-core-2.1.5.jar;C:\Users\merie\.katalon\packages\Katalon_Studio_Windows_64-9.0.0.beta\Katalon_Studio_Windows_64-9.0.0.beta\configuration\resources\lib\cglib-3.2.10.jar;C:\Users\merie\.katalon\packages\Katalon_Studio_Windows_64-9.0.0.beta\Katalon_Studio_Windows_64-9.0.0.beta\configuration\resources\lib\commons-codec-1.10.jar;C:\Users\merie\.katalon\packages\Katalon_Studio_Windows_64-9.0.0.beta\Katalon_Studio_Windows_64-9.0.0.beta\configuration\resources\lib\commons-collections4-4.1.jar;C:\Users\merie\.katalon\packages\Katalon_Studio_Windows_64-9.0.0.beta\Katalon_Studio_Windows_64-9.0.0.beta\configuration\resources\lib\commons-validator-1.6.jar;C:\Users\merie\.katalon\packages\Katalon_Studio_Windows_64-9.0.0.beta\Katalo
Launcher Type: SUN_STANDARD

[Global flags]
     intx CICompilerCount                          = 4                                         {product} {ergonomic}
     uint ConcGCThreads                            = 3                                         {product} {ergonomic}
     uint G1ConcRefinementThreads                  = 10                                        {product} {ergonomic}
   size_t G1HeapRegionSize                         = 1048576                                   {product} {ergonomic}
    uintx GCDrainStackTargetSize                   = 64                                        {product} {ergonomic}
   size_t InitialHeapSize                          = 98566144                                  {product} {ergonomic}
   size_t MarkStackSize                            = 4194304                                   {product} {ergonomic}
   size_t MaxHeapSize                              = 2147483648                                {product} {command line}
   size_t MaxNewSize                               = 1287651328                                {product} {ergonomic}
   size_t MinHeapDeltaBytes                        = 1048576                                   {product} {ergonomic}
   size_t MinHeapSize                              = 8388608                                   {product} {ergonomic}
    uintx NonNMethodCodeHeapSize                   = 5839372                                {pd product} {ergonomic}
    uintx NonProfiledCodeHeapSize                  = 122909434                              {pd product} {ergonomic}
    uintx ProfiledCodeHeapSize                     = 122909434                              {pd product} {ergonomic}
    uintx ReservedCodeCacheSize                    = 251658240                              {pd product} {ergonomic}
     bool SegmentedCodeCache                       = true                                      {product} {ergonomic}
     bool ShowCodeDetailsInExceptionMessages       = true                                   {manageable} {command line}
   size_t SoftMaxHeapSize                          = 2147483648                             {manageable} {ergonomic}
     bool UseCompressedClassPointers               = true                           {product lp64_product} {ergonomic}
     bool UseCompressedOops                        = true                           {product lp64_product} {ergonomic}
     bool UseG1GC                                  = true                                      {product} {ergonomic}
     bool UseLargePagesIndividualAllocation        = false                                  {pd product} {ergonomic}

Logging:
Log output configuration:
 #0: stdout all=warning uptime,level,tags
 #1: stderr all=off uptime,level,tags

Environment Variables:
JAVA_HOME=C:\Program Files\Eclipse Adoptium\jdk-17.0.5.8-hotspot\
PATH=C:/Users/merie/.katalon/packages/Katalon_Studio_Windows_64-9.0.0.beta/Katalon_Studio_Windows_64-9.0.0.beta/jre/bin/server;C:/Users/merie/.katalon/packages/Katalon_Studio_Windows_64-9.0.0.beta/Katalon_Studio_Windows_64-9.0.0.beta/jre/bin;C:\Users\merie\AppData\Local\Programs\Python\Python311\Scripts\;C:\Users\merie\AppData\Local\Programs\Python\Python311\;C:\Program Files\Eclipse Adoptium\jdk-17.0.5.8-hotspot\bin;C:\WINDOWS\system32;C:\WINDOWS;C:\WINDOWS\System32\Wbem;C:\WINDOWS\System32\WindowsPowerShell\v1.0\;C:\WINDOWS\System32\OpenSSH\;C:\Program Files\Git\cmd;C:\Program Files\dotnet\;C:\Program Files (x86)\dotnet\;C:\Program Files\nodejs\;C:\ProgramData\chocolatey\bin;C:\Users\merie\AppData\Local\Android\Sdk\platform-tools;C:\Users\merie\AppData\Local\Android\Sdk\build-tools\34.0.0;C:\Users\merie\AppData\Local\Android\Sdk\emulator;C:\Users\merie\AppData\Local\Android\Sdk\tools;C:\Users\merie\AppData\Local\Android\Sdk\tools\bin;C:\Users\merie\scoop\shims;C:\Users\merie\AppData\Local\Microsoft\WindowsApps;C:\Users\merie\AppData\Local\Programs\Microsoft VS Code\bin;C:\Users\merie\AppData\Local\GitHubDesktop\bin;C:\Users\merie\OneDrive\Bureau\chrome_driver\chrome-win64\;C:\Program Files\JetBrains\PyCharm Community Edition 2023.2.1\bin;C:\Users\merie\AppData\Roaming\npm;C:\Users\merie\AppData\Local\JetBrains\Toolbox\scripts;;C:\Program Files\JetBrains\PyCharm 2023.2.2\bin;;C:\Users\merie\.katalon\packages\Katalon_Studio_Windows_64-9.0.0.beta\Katalon_Studio_Windows_64-9.0.0.beta;
USERNAME=merie
OS=Windows_NT
PROCESSOR_IDENTIFIER=AMD64 Family 23 Model 104 Stepping 1, AuthenticAMD
TMP=C:\Users\merie\AppData\Local\Temp
TEMP=C:\Users\merie\AppData\Local\Temp



---------------  S Y S T E M  ---------------

OS:
 Windows 11 , 64 bit Build 22621 (10.0.22621.2215)
OS uptime: 3 days 19:52 hours
Hyper-V role detected

CPU: total 12 (initial active 12) (12 cores per cpu, 2 threads per core) family 23 model 104 stepping 1 microcode 0x0, cx8, cmov, fxsr, ht, mmx, 3dnowpref, sse, sse2, sse3, ssse3, sse4a, sse4.1, sse4.2, popcnt, lzcnt, tsc, tscinvbit, avx, avx2, aes, clmul, bmi1, bmi2, adx, sha, fma, vzeroupper, clflush, clflushopt, hv

Memory: 4k page, system-wide physical 6005M (16M free)
TotalPageFile size 24437M (AvailPageFile size 59M)
current process WorkingSet (physical memory assigned to process): 203M, peak: 306M
current process commit charge ("private bytes"): 261M, peak: 362M

vm_info: OpenJDK 64-Bit Server VM (17.0.7+7) for windows-amd64 JRE (17.0.7+7), built on Apr 18 2023 22:10:42 by "temurin" with MS VC++ 16.7 (VS2019)

END.
